{"/Users/satyasrujanapilli/Desktop/Briefly/briefly/frontend/src/App.js": {"path":"/Users/satyasrujanapilli/Desktop/Briefly/briefly/frontend/src/App.js","statementMap":{"0":{"start":{"line":10,"column":20},"end":{"line":10,"column":39}},"1":{"start":{"line":12,"column":28},"end":{"line":138,"column":1}},"2":{"start":{"line":13,"column":48},"end":{"line":13,"column":63}},"3":{"start":{"line":14,"column":34},"end":{"line":14,"column":48}},"4":{"start":{"line":15,"column":36},"end":{"line":15,"column":48}},"5":{"start":{"line":16,"column":32},"end":{"line":16,"column":46}},"6":{"start":{"line":17,"column":28},"end":{"line":17,"column":42}},"7":{"start":{"line":19,"column":16},"end":{"line":46,"column":3}},"8":{"start":{"line":20,"column":4},"end":{"line":45,"column":5}},"9":{"start":{"line":21,"column":6},"end":{"line":21,"column":23}},"10":{"start":{"line":22,"column":6},"end":{"line":22,"column":21}},"11":{"start":{"line":24,"column":23},"end":{"line":24,"column":60}},"12":{"start":{"line":26,"column":6},"end":{"line":34,"column":7}},"13":{"start":{"line":27,"column":8},"end":{"line":27,"column":71}},"14":{"start":{"line":28,"column":8},"end":{"line":28,"column":80}},"15":{"start":{"line":30,"column":8},"end":{"line":30,"column":42}},"16":{"start":{"line":31,"column":8},"end":{"line":31,"column":33}},"17":{"start":{"line":33,"column":8},"end":{"line":33,"column":33}},"18":{"start":{"line":36,"column":6},"end":{"line":36,"column":45}},"19":{"start":{"line":38,"column":6},"end":{"line":38,"column":57}},"20":{"start":{"line":39,"column":6},"end":{"line":42,"column":8}},"21":{"start":{"line":44,"column":6},"end":{"line":44,"column":24}},"22":{"start":{"line":48,"column":19},"end":{"line":65,"column":3}},"23":{"start":{"line":49,"column":4},"end":{"line":64,"column":5}},"24":{"start":{"line":50,"column":6},"end":{"line":50,"column":23}},"25":{"start":{"line":51,"column":6},"end":{"line":51,"column":21}},"26":{"start":{"line":53,"column":23},"end":{"line":53,"column":49}},"27":{"start":{"line":54,"column":6},"end":{"line":54,"column":47}},"28":{"start":{"line":57,"column":6},"end":{"line":57,"column":55}},"29":{"start":{"line":58,"column":6},"end":{"line":61,"column":8}},"30":{"start":{"line":63,"column":6},"end":{"line":63,"column":24}},"31":{"start":{"line":67,"column":17},"end":{"line":74,"column":3}},"32":{"start":{"line":68,"column":4},"end":{"line":68,"column":42}},"33":{"start":{"line":69,"column":4},"end":{"line":69,"column":41}},"34":{"start":{"line":70,"column":4},"end":{"line":70,"column":30}},"35":{"start":{"line":71,"column":4},"end":{"line":71,"column":22}},"36":{"start":{"line":72,"column":4},"end":{"line":72,"column":21}},"37":{"start":{"line":73,"column":4},"end":{"line":73,"column":19}},"38":{"start":{"line":76,"column":22},"end":{"line":116,"column":3}},"39":{"start":{"line":77,"column":4},"end":{"line":115,"column":5}},"40":{"start":{"line":78,"column":20},"end":{"line":78,"column":54}},"41":{"start":{"line":79,"column":29},"end":{"line":79,"column":62}},"42":{"start":{"line":81,"column":6},"end":{"line":83,"column":7}},"43":{"start":{"line":82,"column":8},"end":{"line":82,"column":55}},"44":{"start":{"line":85,"column":27},"end":{"line":85,"column":43}},"45":{"start":{"line":87,"column":6},"end":{"line":89,"column":7}},"46":{"start":{"line":88,"column":8},"end":{"line":88,"column":41}},"47":{"start":{"line":91,"column":29},"end":{"line":91,"column":55}},"48":{"start":{"line":92,"column":6},"end":{"line":92,"column":34}},"49":{"start":{"line":93,"column":6},"end":{"line":93,"column":31}},"50":{"start":{"line":95,"column":6},"end":{"line":108,"column":7}},"51":{"start":{"line":96,"column":8},"end":{"line":96,"column":71}},"52":{"start":{"line":97,"column":34},"end":{"line":97,"column":75}},"53":{"start":{"line":98,"column":8},"end":{"line":98,"column":62}},"54":{"start":{"line":100,"column":8},"end":{"line":104,"column":9}},"55":{"start":{"line":101,"column":10},"end":{"line":101,"column":55}},"56":{"start":{"line":103,"column":10},"end":{"line":103,"column":74}},"57":{"start":{"line":106,"column":8},"end":{"line":106,"column":58}},"58":{"start":{"line":107,"column":8},"end":{"line":107,"column":25}},"59":{"start":{"line":111,"column":6},"end":{"line":111,"column":57}},"60":{"start":{"line":112,"column":6},"end":{"line":112,"column":15}},"61":{"start":{"line":114,"column":6},"end":{"line":114,"column":24}},"62":{"start":{"line":118,"column":2},"end":{"line":120,"column":9}},"63":{"start":{"line":119,"column":4},"end":{"line":119,"column":18}},"64":{"start":{"line":122,"column":2},"end":{"line":137,"column":4}},"65":{"start":{"line":140,"column":23},"end":{"line":146,"column":1}},"66":{"start":{"line":141,"column":18},"end":{"line":141,"column":41}},"67":{"start":{"line":142,"column":2},"end":{"line":144,"column":3}},"68":{"start":{"line":143,"column":4},"end":{"line":143,"column":67}},"69":{"start":{"line":145,"column":2},"end":{"line":145,"column":17}},"70":{"start":{"line":148,"column":23},"end":{"line":176,"column":1}},"71":{"start":{"line":149,"column":39},"end":{"line":149,"column":48}},"72":{"start":{"line":150,"column":19},"end":{"line":150,"column":32}},"73":{"start":{"line":152,"column":2},"end":{"line":156,"column":43}},"74":{"start":{"line":153,"column":4},"end":{"line":155,"column":5}},"75":{"start":{"line":154,"column":6},"end":{"line":154,"column":44}},"76":{"start":{"line":158,"column":2},"end":{"line":173,"column":3}},"77":{"start":{"line":159,"column":4},"end":{"line":172,"column":6}},"78":{"start":{"line":175,"column":2},"end":{"line":175,"column":43}},"79":{"start":{"line":179,"column":2},"end":{"line":196,"column":4}}},"fnMap":{"0":{"name":"(anonymous_0)","decl":{"start":{"line":12,"column":28},"end":{"line":12,"column":29}},"loc":{"start":{"line":12,"column":46},"end":{"line":138,"column":1}},"line":12},"1":{"name":"(anonymous_1)","decl":{"start":{"line":19,"column":16},"end":{"line":19,"column":17}},"loc":{"start":{"line":19,"column":43},"end":{"line":46,"column":3}},"line":19},"2":{"name":"(anonymous_2)","decl":{"start":{"line":48,"column":19},"end":{"line":48,"column":20}},"loc":{"start":{"line":48,"column":39},"end":{"line":65,"column":3}},"line":48},"3":{"name":"(anonymous_3)","decl":{"start":{"line":67,"column":17},"end":{"line":67,"column":18}},"loc":{"start":{"line":67,"column":23},"end":{"line":74,"column":3}},"line":67},"4":{"name":"(anonymous_4)","decl":{"start":{"line":76,"column":22},"end":{"line":76,"column":23}},"loc":{"start":{"line":76,"column":34},"end":{"line":116,"column":3}},"line":76},"5":{"name":"(anonymous_5)","decl":{"start":{"line":118,"column":12},"end":{"line":118,"column":13}},"loc":{"start":{"line":118,"column":18},"end":{"line":120,"column":3}},"line":118},"6":{"name":"(anonymous_6)","decl":{"start":{"line":140,"column":23},"end":{"line":140,"column":24}},"loc":{"start":{"line":140,"column":29},"end":{"line":146,"column":1}},"line":140},"7":{"name":"(anonymous_7)","decl":{"start":{"line":148,"column":23},"end":{"line":148,"column":24}},"loc":{"start":{"line":148,"column":41},"end":{"line":176,"column":1}},"line":148},"8":{"name":"(anonymous_8)","decl":{"start":{"line":152,"column":12},"end":{"line":152,"column":13}},"loc":{"start":{"line":152,"column":18},"end":{"line":156,"column":3}},"line":152},"9":{"name":"App","decl":{"start":{"line":178,"column":9},"end":{"line":178,"column":12}},"loc":{"start":{"line":178,"column":15},"end":{"line":197,"column":1}},"line":178}},"branchMap":{"0":{"loc":{"start":{"line":26,"column":6},"end":{"line":34,"column":7}},"type":"if","locations":[{"start":{"line":26,"column":6},"end":{"line":34,"column":7}},{"start":{},"end":{}}],"line":26},"1":{"loc":{"start":{"line":38,"column":15},"end":{"line":38,"column":55}},"type":"binary-expr","locations":[{"start":{"line":38,"column":15},"end":{"line":38,"column":28}},{"start":{"line":38,"column":32},"end":{"line":38,"column":55}}],"line":38},"2":{"loc":{"start":{"line":41,"column":15},"end":{"line":41,"column":55}},"type":"binary-expr","locations":[{"start":{"line":41,"column":15},"end":{"line":41,"column":28}},{"start":{"line":41,"column":32},"end":{"line":41,"column":55}}],"line":41},"3":{"loc":{"start":{"line":57,"column":15},"end":{"line":57,"column":53}},"type":"binary-expr","locations":[{"start":{"line":57,"column":15},"end":{"line":57,"column":28}},{"start":{"line":57,"column":32},"end":{"line":57,"column":53}}],"line":57},"4":{"loc":{"start":{"line":60,"column":15},"end":{"line":60,"column":53}},"type":"binary-expr","locations":[{"start":{"line":60,"column":15},"end":{"line":60,"column":28}},{"start":{"line":60,"column":32},"end":{"line":60,"column":53}}],"line":60},"5":{"loc":{"start":{"line":81,"column":6},"end":{"line":83,"column":7}},"type":"if","locations":[{"start":{"line":81,"column":6},"end":{"line":83,"column":7}},{"start":{},"end":{}}],"line":81},"6":{"loc":{"start":{"line":81,"column":10},"end":{"line":81,"column":35}},"type":"binary-expr","locations":[{"start":{"line":81,"column":10},"end":{"line":81,"column":16}},{"start":{"line":81,"column":20},"end":{"line":81,"column":35}}],"line":81},"7":{"loc":{"start":{"line":87,"column":6},"end":{"line":89,"column":7}},"type":"if","locations":[{"start":{"line":87,"column":6},"end":{"line":89,"column":7}},{"start":{},"end":{}}],"line":87},"8":{"loc":{"start":{"line":100,"column":8},"end":{"line":104,"column":9}},"type":"if","locations":[{"start":{"line":100,"column":8},"end":{"line":104,"column":9}},{"start":{"line":102,"column":15},"end":{"line":104,"column":9}}],"line":100},"9":{"loc":{"start":{"line":100,"column":12},"end":{"line":100,"column":66}},"type":"binary-expr","locations":[{"start":{"line":100,"column":12},"end":{"line":100,"column":29}},{"start":{"line":100,"column":33},"end":{"line":100,"column":66}}],"line":100},"10":{"loc":{"start":{"line":101,"column":23},"end":{"line":101,"column":53}},"type":"binary-expr","locations":[{"start":{"line":101,"column":23},"end":{"line":101,"column":47}},{"start":{"line":101,"column":51},"end":{"line":101,"column":53}}],"line":101},"11":{"loc":{"start":{"line":142,"column":2},"end":{"line":144,"column":3}},"type":"if","locations":[{"start":{"line":142,"column":2},"end":{"line":144,"column":3}},{"start":{},"end":{}}],"line":142},"12":{"loc":{"start":{"line":153,"column":4},"end":{"line":155,"column":5}},"type":"if","locations":[{"start":{"line":153,"column":4},"end":{"line":155,"column":5}},{"start":{},"end":{}}],"line":153},"13":{"loc":{"start":{"line":153,"column":8},"end":{"line":153,"column":36}},"type":"binary-expr","locations":[{"start":{"line":153,"column":8},"end":{"line":153,"column":24}},{"start":{"line":153,"column":28},"end":{"line":153,"column":36}}],"line":153},"14":{"loc":{"start":{"line":158,"column":2},"end":{"line":173,"column":3}},"type":"if","locations":[{"start":{"line":158,"column":2},"end":{"line":173,"column":3}},{"start":{},"end":{}}],"line":158},"15":{"loc":{"start":{"line":175,"column":9},"end":{"line":175,"column":42}},"type":"cond-expr","locations":[{"start":{"line":175,"column":27},"end":{"line":175,"column":35}},{"start":{"line":175,"column":38},"end":{"line":175,"column":42}}],"line":175}},"s":{"0":2,"1":2,"2":10,"3":10,"4":10,"5":10,"6":10,"7":10,"8":0,"9":0,"10":0,"11":0,"12":0,"13":0,"14":0,"15":0,"16":0,"17":0,"18":0,"19":0,"20":0,"21":0,"22":10,"23":0,"24":0,"25":0,"26":0,"27":0,"28":0,"29":0,"30":0,"31":10,"32":5,"33":5,"34":5,"35":5,"36":5,"37":5,"38":10,"39":5,"40":5,"41":5,"42":5,"43":5,"44":0,"45":0,"46":0,"47":0,"48":0,"49":0,"50":0,"51":0,"52":0,"53":0,"54":0,"55":0,"56":0,"57":0,"58":0,"59":5,"60":5,"61":5,"62":10,"63":5,"64":10,"65":2,"66":0,"67":0,"68":0,"69":0,"70":2,"71":0,"72":0,"73":0,"74":0,"75":0,"76":0,"77":0,"78":0,"79":0},"f":{"0":10,"1":0,"2":0,"3":5,"4":5,"5":5,"6":0,"7":0,"8":0,"9":0},"b":{"0":[0,0],"1":[0,0],"2":[0,0],"3":[0,0],"4":[0,0],"5":[5,0],"6":[5,0],"7":[0,0],"8":[0,0],"9":[0,0],"10":[0,0],"11":[0,0],"12":[0,0],"13":[0,0],"14":[0,0],"15":[0,0]},"_coverageSchema":"1a1c01bbd47fc00a2c39e90264f33305004495a9","hash":"ad4ae64da0a53f0b5cae61e2619cd576b996c3a1"}
,"/Users/satyasrujanapilli/Desktop/Briefly/briefly/frontend/src/MarkdownRenderer.js": {"path":"/Users/satyasrujanapilli/Desktop/Briefly/briefly/frontend/src/MarkdownRenderer.js","statementMap":{"0":{"start":{"line":7,"column":25},"end":{"line":38,"column":1}},"1":{"start":{"line":8,"column":2},"end":{"line":37,"column":4}},"2":{"start":{"line":14,"column":24},"end":{"line":14,"column":62}},"3":{"start":{"line":15,"column":10},"end":{"line":28,"column":12}},"4":{"start":{"line":31,"column":10},"end":{"line":31,"column":81}}},"fnMap":{"0":{"name":"(anonymous_0)","decl":{"start":{"line":7,"column":25},"end":{"line":7,"column":26}},"loc":{"start":{"line":7,"column":42},"end":{"line":38,"column":1}},"line":7},"1":{"name":"(anonymous_1)","decl":{"start":{"line":13,"column":8},"end":{"line":13,"column":9}},"loc":{"start":{"line":13,"column":62},"end":{"line":29,"column":9}},"line":13},"2":{"name":"(anonymous_2)","decl":{"start":{"line":30,"column":8},"end":{"line":30,"column":9}},"loc":{"start":{"line":30,"column":24},"end":{"line":32,"column":9}},"line":30}},"branchMap":{"0":{"loc":{"start":{"line":14,"column":46},"end":{"line":14,"column":61}},"type":"binary-expr","locations":[{"start":{"line":14,"column":46},"end":{"line":14,"column":55}},{"start":{"line":14,"column":59},"end":{"line":14,"column":61}}],"line":14},"1":{"loc":{"start":{"line":15,"column":17},"end":{"line":28,"column":11}},"type":"cond-expr","locations":[{"start":{"line":16,"column":12},"end":{"line":23,"column":32}},{"start":{"line":25,"column":12},"end":{"line":27,"column":19}}],"line":15},"2":{"loc":{"start":{"line":15,"column":17},"end":{"line":15,"column":33}},"type":"binary-expr","locations":[{"start":{"line":15,"column":17},"end":{"line":15,"column":24}},{"start":{"line":15,"column":28},"end":{"line":15,"column":33}}],"line":15}},"s":{"0":4,"1":12,"2":0,"3":0,"4":0},"f":{"0":12,"1":0,"2":0},"b":{"0":[0,0],"1":[0,0],"2":[0,0]},"_coverageSchema":"1a1c01bbd47fc00a2c39e90264f33305004495a9","hash":"19b362942e67e3d12d7248657152bfc550f4f7a1"}
,"/Users/satyasrujanapilli/Desktop/Briefly/briefly/frontend/src/RequestService.js": {"path":"/Users/satyasrujanapilli/Desktop/Briefly/briefly/frontend/src/RequestService.js","statementMap":{"0":{"start":{"line":3,"column":21},"end":{"line":3,"column":44}},"1":{"start":{"line":5,"column":26},"end":{"line":13,"column":1}},"2":{"start":{"line":6,"column":2},"end":{"line":12,"column":3}},"3":{"start":{"line":7,"column":21},"end":{"line":7,"column":78}},"4":{"start":{"line":8,"column":4},"end":{"line":8,"column":25}},"5":{"start":{"line":10,"column":4},"end":{"line":10,"column":81}},"6":{"start":{"line":11,"column":4},"end":{"line":11,"column":56}},"7":{"start":{"line":15,"column":26},"end":{"line":23,"column":1}},"8":{"start":{"line":16,"column":2},"end":{"line":22,"column":3}},"9":{"start":{"line":17,"column":21},"end":{"line":17,"column":78}},"10":{"start":{"line":18,"column":4},"end":{"line":18,"column":25}},"11":{"start":{"line":20,"column":4},"end":{"line":20,"column":82}},"12":{"start":{"line":21,"column":4},"end":{"line":21,"column":57}},"13":{"start":{"line":25,"column":32},"end":{"line":39,"column":1}},"14":{"start":{"line":26,"column":2},"end":{"line":38,"column":3}},"15":{"start":{"line":27,"column":18},"end":{"line":27,"column":52}},"16":{"start":{"line":28,"column":21},"end":{"line":33,"column":6}},"17":{"start":{"line":34,"column":4},"end":{"line":34,"column":25}},"18":{"start":{"line":36,"column":4},"end":{"line":36,"column":86}},"19":{"start":{"line":37,"column":4},"end":{"line":37,"column":61}},"20":{"start":{"line":41,"column":33},"end":{"line":61,"column":1}},"21":{"start":{"line":42,"column":2},"end":{"line":60,"column":3}},"22":{"start":{"line":43,"column":18},"end":{"line":43,"column":52}},"23":{"start":{"line":45,"column":20},"end":{"line":48,"column":5}},"24":{"start":{"line":50,"column":21},"end":{"line":54,"column":5}},"25":{"start":{"line":56,"column":4},"end":{"line":56,"column":25}},"26":{"start":{"line":58,"column":4},"end":{"line":58,"column":89}},"27":{"start":{"line":59,"column":4},"end":{"line":59,"column":64}},"28":{"start":{"line":63,"column":33},"end":{"line":88,"column":1}},"29":{"start":{"line":64,"column":2},"end":{"line":87,"column":3}},"30":{"start":{"line":65,"column":18},"end":{"line":65,"column":52}},"31":{"start":{"line":67,"column":21},"end":{"line":67,"column":35}},"32":{"start":{"line":68,"column":4},"end":{"line":68,"column":47}},"33":{"start":{"line":69,"column":4},"end":{"line":69,"column":43}},"34":{"start":{"line":70,"column":4},"end":{"line":70,"column":55}},"35":{"start":{"line":71,"column":4},"end":{"line":71,"column":50}},"36":{"start":{"line":73,"column":20},"end":{"line":75,"column":5}},"37":{"start":{"line":77,"column":21},"end":{"line":81,"column":5}},"38":{"start":{"line":83,"column":4},"end":{"line":83,"column":25}},"39":{"start":{"line":85,"column":4},"end":{"line":85,"column":89}},"40":{"start":{"line":86,"column":4},"end":{"line":86,"column":64}},"41":{"start":{"line":90,"column":33},"end":{"line":104,"column":1}},"42":{"start":{"line":91,"column":2},"end":{"line":103,"column":3}},"43":{"start":{"line":92,"column":18},"end":{"line":92,"column":52}},"44":{"start":{"line":93,"column":21},"end":{"line":98,"column":6}},"45":{"start":{"line":99,"column":4},"end":{"line":99,"column":20}},"46":{"start":{"line":101,"column":4},"end":{"line":101,"column":84}},"47":{"start":{"line":102,"column":4},"end":{"line":102,"column":59}},"48":{"start":{"line":106,"column":37},"end":{"line":126,"column":1}},"49":{"start":{"line":107,"column":2},"end":{"line":125,"column":3}},"50":{"start":{"line":108,"column":18},"end":{"line":108,"column":52}},"51":{"start":{"line":110,"column":20},"end":{"line":113,"column":5}},"52":{"start":{"line":115,"column":21},"end":{"line":119,"column":5}},"53":{"start":{"line":121,"column":4},"end":{"line":121,"column":25}},"54":{"start":{"line":123,"column":4},"end":{"line":123,"column":89}},"55":{"start":{"line":124,"column":4},"end":{"line":124,"column":64}},"56":{"start":{"line":129,"column":28},"end":{"line":155,"column":1}},"57":{"start":{"line":130,"column":2},"end":{"line":154,"column":3}},"58":{"start":{"line":131,"column":18},"end":{"line":131,"column":52}},"59":{"start":{"line":132,"column":4},"end":{"line":135,"column":7}},"60":{"start":{"line":136,"column":21},"end":{"line":148,"column":5}},"61":{"start":{"line":150,"column":4},"end":{"line":150,"column":25}},"62":{"start":{"line":152,"column":4},"end":{"line":152,"column":83}},"63":{"start":{"line":153,"column":4},"end":{"line":153,"column":58}},"64":{"start":{"line":158,"column":38},"end":{"line":173,"column":1}},"65":{"start":{"line":159,"column":2},"end":{"line":172,"column":3}},"66":{"start":{"line":160,"column":18},"end":{"line":160,"column":52}},"67":{"start":{"line":161,"column":21},"end":{"line":166,"column":6}},"68":{"start":{"line":167,"column":4},"end":{"line":167,"column":69}},"69":{"start":{"line":168,"column":4},"end":{"line":168,"column":25}},"70":{"start":{"line":170,"column":4},"end":{"line":170,"column":93}},"71":{"start":{"line":171,"column":4},"end":{"line":171,"column":68}},"72":{"start":{"line":175,"column":30},"end":{"line":189,"column":1}},"73":{"start":{"line":176,"column":2},"end":{"line":188,"column":3}},"74":{"start":{"line":177,"column":18},"end":{"line":177,"column":52}},"75":{"start":{"line":178,"column":21},"end":{"line":183,"column":6}},"76":{"start":{"line":184,"column":4},"end":{"line":184,"column":25}},"77":{"start":{"line":186,"column":4},"end":{"line":186,"column":93}},"78":{"start":{"line":187,"column":4},"end":{"line":187,"column":68}},"79":{"start":{"line":191,"column":28},"end":{"line":210,"column":1}},"80":{"start":{"line":192,"column":2},"end":{"line":209,"column":3}},"81":{"start":{"line":193,"column":18},"end":{"line":193,"column":52}},"82":{"start":{"line":196,"column":21},"end":{"line":201,"column":6}},"83":{"start":{"line":204,"column":17},"end":{"line":204,"column":86}},"84":{"start":{"line":205,"column":4},"end":{"line":205,"column":15}},"85":{"start":{"line":207,"column":4},"end":{"line":207,"column":96}},"86":{"start":{"line":208,"column":4},"end":{"line":208,"column":71}}},"fnMap":{"0":{"name":"(anonymous_0)","decl":{"start":{"line":5,"column":26},"end":{"line":5,"column":27}},"loc":{"start":{"line":5,"column":46},"end":{"line":13,"column":1}},"line":5},"1":{"name":"(anonymous_1)","decl":{"start":{"line":15,"column":26},"end":{"line":15,"column":27}},"loc":{"start":{"line":15,"column":46},"end":{"line":23,"column":1}},"line":15},"2":{"name":"(anonymous_2)","decl":{"start":{"line":25,"column":32},"end":{"line":25,"column":33}},"loc":{"start":{"line":25,"column":50},"end":{"line":39,"column":1}},"line":25},"3":{"name":"(anonymous_3)","decl":{"start":{"line":41,"column":33},"end":{"line":41,"column":34}},"loc":{"start":{"line":41,"column":53},"end":{"line":61,"column":1}},"line":41},"4":{"name":"(anonymous_4)","decl":{"start":{"line":63,"column":33},"end":{"line":63,"column":34}},"loc":{"start":{"line":63,"column":53},"end":{"line":88,"column":1}},"line":63},"5":{"name":"(anonymous_5)","decl":{"start":{"line":90,"column":33},"end":{"line":90,"column":34}},"loc":{"start":{"line":90,"column":54},"end":{"line":104,"column":1}},"line":90},"6":{"name":"(anonymous_6)","decl":{"start":{"line":106,"column":37},"end":{"line":106,"column":38}},"loc":{"start":{"line":106,"column":60},"end":{"line":126,"column":1}},"line":106},"7":{"name":"(anonymous_7)","decl":{"start":{"line":129,"column":28},"end":{"line":129,"column":29}},"loc":{"start":{"line":129,"column":60},"end":{"line":155,"column":1}},"line":129},"8":{"name":"(anonymous_8)","decl":{"start":{"line":158,"column":38},"end":{"line":158,"column":39}},"loc":{"start":{"line":158,"column":56},"end":{"line":173,"column":1}},"line":158},"9":{"name":"(anonymous_9)","decl":{"start":{"line":175,"column":30},"end":{"line":175,"column":31}},"loc":{"start":{"line":175,"column":51},"end":{"line":189,"column":1}},"line":175},"10":{"name":"(anonymous_10)","decl":{"start":{"line":191,"column":28},"end":{"line":191,"column":29}},"loc":{"start":{"line":191,"column":46},"end":{"line":210,"column":1}},"line":191}},"branchMap":{"0":{"loc":{"start":{"line":10,"column":42},"end":{"line":10,"column":79}},"type":"binary-expr","locations":[{"start":{"line":10,"column":42},"end":{"line":10,"column":62}},{"start":{"line":10,"column":66},"end":{"line":10,"column":79}}],"line":10},"1":{"loc":{"start":{"line":11,"column":10},"end":{"line":11,"column":55}},"type":"binary-expr","locations":[{"start":{"line":11,"column":10},"end":{"line":11,"column":30}},{"start":{"line":11,"column":34},"end":{"line":11,"column":55}}],"line":11},"2":{"loc":{"start":{"line":20,"column":43},"end":{"line":20,"column":80}},"type":"binary-expr","locations":[{"start":{"line":20,"column":43},"end":{"line":20,"column":63}},{"start":{"line":20,"column":67},"end":{"line":20,"column":80}}],"line":20},"3":{"loc":{"start":{"line":21,"column":10},"end":{"line":21,"column":56}},"type":"binary-expr","locations":[{"start":{"line":21,"column":10},"end":{"line":21,"column":30}},{"start":{"line":21,"column":34},"end":{"line":21,"column":56}}],"line":21},"4":{"loc":{"start":{"line":36,"column":47},"end":{"line":36,"column":84}},"type":"binary-expr","locations":[{"start":{"line":36,"column":47},"end":{"line":36,"column":67}},{"start":{"line":36,"column":71},"end":{"line":36,"column":84}}],"line":36},"5":{"loc":{"start":{"line":37,"column":10},"end":{"line":37,"column":60}},"type":"binary-expr","locations":[{"start":{"line":37,"column":10},"end":{"line":37,"column":30}},{"start":{"line":37,"column":34},"end":{"line":37,"column":60}}],"line":37},"6":{"loc":{"start":{"line":58,"column":50},"end":{"line":58,"column":87}},"type":"binary-expr","locations":[{"start":{"line":58,"column":50},"end":{"line":58,"column":70}},{"start":{"line":58,"column":74},"end":{"line":58,"column":87}}],"line":58},"7":{"loc":{"start":{"line":59,"column":10},"end":{"line":59,"column":63}},"type":"binary-expr","locations":[{"start":{"line":59,"column":10},"end":{"line":59,"column":30}},{"start":{"line":59,"column":34},"end":{"line":59,"column":63}}],"line":59},"8":{"loc":{"start":{"line":85,"column":50},"end":{"line":85,"column":87}},"type":"binary-expr","locations":[{"start":{"line":85,"column":50},"end":{"line":85,"column":70}},{"start":{"line":85,"column":74},"end":{"line":85,"column":87}}],"line":85},"9":{"loc":{"start":{"line":86,"column":10},"end":{"line":86,"column":63}},"type":"binary-expr","locations":[{"start":{"line":86,"column":10},"end":{"line":86,"column":30}},{"start":{"line":86,"column":34},"end":{"line":86,"column":63}}],"line":86},"10":{"loc":{"start":{"line":101,"column":45},"end":{"line":101,"column":82}},"type":"binary-expr","locations":[{"start":{"line":101,"column":45},"end":{"line":101,"column":65}},{"start":{"line":101,"column":69},"end":{"line":101,"column":82}}],"line":101},"11":{"loc":{"start":{"line":102,"column":10},"end":{"line":102,"column":58}},"type":"binary-expr","locations":[{"start":{"line":102,"column":10},"end":{"line":102,"column":30}},{"start":{"line":102,"column":34},"end":{"line":102,"column":58}}],"line":102},"12":{"loc":{"start":{"line":123,"column":50},"end":{"line":123,"column":87}},"type":"binary-expr","locations":[{"start":{"line":123,"column":50},"end":{"line":123,"column":70}},{"start":{"line":123,"column":74},"end":{"line":123,"column":87}}],"line":123},"13":{"loc":{"start":{"line":124,"column":10},"end":{"line":124,"column":63}},"type":"binary-expr","locations":[{"start":{"line":124,"column":10},"end":{"line":124,"column":30}},{"start":{"line":124,"column":34},"end":{"line":124,"column":63}}],"line":124},"14":{"loc":{"start":{"line":152,"column":44},"end":{"line":152,"column":81}},"type":"binary-expr","locations":[{"start":{"line":152,"column":44},"end":{"line":152,"column":64}},{"start":{"line":152,"column":68},"end":{"line":152,"column":81}}],"line":152},"15":{"loc":{"start":{"line":153,"column":10},"end":{"line":153,"column":57}},"type":"binary-expr","locations":[{"start":{"line":153,"column":10},"end":{"line":153,"column":30}},{"start":{"line":153,"column":34},"end":{"line":153,"column":57}}],"line":153},"16":{"loc":{"start":{"line":170,"column":54},"end":{"line":170,"column":91}},"type":"binary-expr","locations":[{"start":{"line":170,"column":54},"end":{"line":170,"column":74}},{"start":{"line":170,"column":78},"end":{"line":170,"column":91}}],"line":170},"17":{"loc":{"start":{"line":171,"column":10},"end":{"line":171,"column":67}},"type":"binary-expr","locations":[{"start":{"line":171,"column":10},"end":{"line":171,"column":30}},{"start":{"line":171,"column":34},"end":{"line":171,"column":67}}],"line":171},"18":{"loc":{"start":{"line":186,"column":54},"end":{"line":186,"column":91}},"type":"binary-expr","locations":[{"start":{"line":186,"column":54},"end":{"line":186,"column":74}},{"start":{"line":186,"column":78},"end":{"line":186,"column":91}}],"line":186},"19":{"loc":{"start":{"line":187,"column":10},"end":{"line":187,"column":67}},"type":"binary-expr","locations":[{"start":{"line":187,"column":10},"end":{"line":187,"column":30}},{"start":{"line":187,"column":34},"end":{"line":187,"column":67}}],"line":187},"20":{"loc":{"start":{"line":207,"column":57},"end":{"line":207,"column":94}},"type":"binary-expr","locations":[{"start":{"line":207,"column":57},"end":{"line":207,"column":77}},{"start":{"line":207,"column":81},"end":{"line":207,"column":94}}],"line":207},"21":{"loc":{"start":{"line":208,"column":10},"end":{"line":208,"column":70}},"type":"binary-expr","locations":[{"start":{"line":208,"column":10},"end":{"line":208,"column":30}},{"start":{"line":208,"column":34},"end":{"line":208,"column":70}}],"line":208}},"s":{"0":1,"1":1,"2":0,"3":0,"4":0,"5":0,"6":0,"7":1,"8":0,"9":0,"10":0,"11":0,"12":0,"13":1,"14":0,"15":0,"16":0,"17":0,"18":0,"19":0,"20":1,"21":0,"22":0,"23":0,"24":0,"25":0,"26":0,"27":0,"28":1,"29":0,"30":0,"31":0,"32":0,"33":0,"34":0,"35":0,"36":0,"37":0,"38":0,"39":0,"40":0,"41":1,"42":0,"43":0,"44":0,"45":0,"46":0,"47":0,"48":1,"49":0,"50":0,"51":0,"52":0,"53":0,"54":0,"55":0,"56":1,"57":0,"58":0,"59":0,"60":0,"61":0,"62":0,"63":0,"64":1,"65":0,"66":0,"67":0,"68":0,"69":0,"70":0,"71":0,"72":1,"73":0,"74":0,"75":0,"76":0,"77":0,"78":0,"79":1,"80":0,"81":0,"82":0,"83":0,"84":0,"85":0,"86":0},"f":{"0":0,"1":0,"2":0,"3":0,"4":0,"5":0,"6":0,"7":0,"8":0,"9":0,"10":0},"b":{"0":[0,0],"1":[0,0],"2":[0,0],"3":[0,0],"4":[0,0],"5":[0,0],"6":[0,0],"7":[0,0],"8":[0,0],"9":[0,0],"10":[0,0],"11":[0,0],"12":[0,0],"13":[0,0],"14":[0,0],"15":[0,0],"16":[0,0],"17":[0,0],"18":[0,0],"19":[0,0],"20":[0,0],"21":[0,0]},"_coverageSchema":"1a1c01bbd47fc00a2c39e90264f33305004495a9","hash":"f59399cd1a5efbc7de32e382e1af38c63a6c9c67"}
,"/Users/satyasrujanapilli/Desktop/Briefly/briefly/frontend/src/SelectedSummary.js": {"path":"/Users/satyasrujanapilli/Desktop/Briefly/briefly/frontend/src/SelectedSummary.js","statementMap":{"0":{"start":{"line":13,"column":24},"end":{"line":160,"column":5}},"1":{"start":{"line":14,"column":46},"end":{"line":14,"column":61}},"2":{"start":{"line":15,"column":34},"end":{"line":15,"column":46}},"3":{"start":{"line":16,"column":42},"end":{"line":16,"column":57}},"4":{"start":{"line":18,"column":32},"end":{"line":20,"column":3}},"5":{"start":{"line":19,"column":4},"end":{"line":19,"column":28}},"6":{"start":{"line":22,"column":33},"end":{"line":39,"column":3}},"7":{"start":{"line":23,"column":4},"end":{"line":38,"column":5}},"8":{"start":{"line":24,"column":8},"end":{"line":24,"column":30}},"9":{"start":{"line":25,"column":34},"end":{"line":28,"column":9}},"10":{"start":{"line":30,"column":35},"end":{"line":30,"column":81}},"11":{"start":{"line":31,"column":8},"end":{"line":31,"column":37}},"12":{"start":{"line":32,"column":8},"end":{"line":32,"column":24}},"13":{"start":{"line":33,"column":8},"end":{"line":33,"column":33}},"14":{"start":{"line":35,"column":8},"end":{"line":35,"column":60}},"15":{"start":{"line":37,"column":8},"end":{"line":37,"column":31}},"16":{"start":{"line":41,"column":31},"end":{"line":57,"column":5}},"17":{"start":{"line":42,"column":8},"end":{"line":56,"column":9}},"18":{"start":{"line":44,"column":25},"end":{"line":44,"column":59}},"19":{"start":{"line":45,"column":25},"end":{"line":45,"column":52}},"20":{"start":{"line":46,"column":12},"end":{"line":46,"column":50}},"21":{"start":{"line":47,"column":12},"end":{"line":47,"column":66}},"22":{"start":{"line":48,"column":12},"end":{"line":48,"column":44}},"23":{"start":{"line":49,"column":12},"end":{"line":49,"column":25}},"24":{"start":{"line":52,"column":12},"end":{"line":52,"column":44}},"25":{"start":{"line":53,"column":12},"end":{"line":53,"column":43}},"26":{"start":{"line":55,"column":12},"end":{"line":55,"column":60}},"27":{"start":{"line":59,"column":4},"end":{"line":71,"column":7}},"28":{"start":{"line":60,"column":8},"end":{"line":70,"column":10}},"29":{"start":{"line":73,"column":4},"end":{"line":159,"column":6}},"30":{"start":{"line":130,"column":33},"end":{"line":130,"column":60}}},"fnMap":{"0":{"name":"(anonymous_0)","decl":{"start":{"line":13,"column":24},"end":{"line":13,"column":25}},"loc":{"start":{"line":13,"column":70},"end":{"line":160,"column":5}},"line":13},"1":{"name":"(anonymous_1)","decl":{"start":{"line":18,"column":32},"end":{"line":18,"column":33}},"loc":{"start":{"line":18,"column":38},"end":{"line":20,"column":3}},"line":18},"2":{"name":"(anonymous_2)","decl":{"start":{"line":22,"column":33},"end":{"line":22,"column":34}},"loc":{"start":{"line":22,"column":45},"end":{"line":39,"column":3}},"line":22},"3":{"name":"(anonymous_3)","decl":{"start":{"line":41,"column":31},"end":{"line":41,"column":32}},"loc":{"start":{"line":41,"column":43},"end":{"line":57,"column":5}},"line":41},"4":{"name":"(anonymous_4)","decl":{"start":{"line":130,"column":26},"end":{"line":130,"column":27}},"loc":{"start":{"line":130,"column":33},"end":{"line":130,"column":60}},"line":130}},"branchMap":{"0":{"loc":{"start":{"line":47,"column":28},"end":{"line":47,"column":65}},"type":"binary-expr","locations":[{"start":{"line":47,"column":28},"end":{"line":47,"column":44}},{"start":{"line":47,"column":48},"end":{"line":47,"column":65}}],"line":47},"1":{"loc":{"start":{"line":59,"column":4},"end":{"line":71,"column":7}},"type":"if","locations":[{"start":{"line":59,"column":4},"end":{"line":71,"column":7}},{"start":{},"end":{}}],"line":59},"2":{"loc":{"start":{"line":76,"column":17},"end":{"line":76,"column":52}},"type":"binary-expr","locations":[{"start":{"line":76,"column":17},"end":{"line":76,"column":30}},{"start":{"line":76,"column":34},"end":{"line":76,"column":52}}],"line":76},"3":{"loc":{"start":{"line":79,"column":23},"end":{"line":79,"column":48}},"type":"binary-expr","locations":[{"start":{"line":79,"column":23},"end":{"line":79,"column":35}},{"start":{"line":79,"column":39},"end":{"line":79,"column":48}}],"line":79},"4":{"loc":{"start":{"line":87,"column":13},"end":{"line":111,"column":13}},"type":"cond-expr","locations":[{"start":{"line":88,"column":16},"end":{"line":106,"column":22}},{"start":{"line":108,"column":16},"end":{"line":110,"column":29}}],"line":87},"5":{"loc":{"start":{"line":101,"column":21},"end":{"line":101,"column":56}},"type":"binary-expr","locations":[{"start":{"line":101,"column":21},"end":{"line":101,"column":37}},{"start":{"line":101,"column":41},"end":{"line":101,"column":56}}],"line":101},"6":{"loc":{"start":{"line":109,"column":17},"end":{"line":109,"column":68}},"type":"binary-expr","locations":[{"start":{"line":109,"column":17},"end":{"line":109,"column":36}},{"start":{"line":109,"column":40},"end":{"line":109,"column":68}}],"line":109},"7":{"loc":{"start":{"line":116,"column":43},"end":{"line":116,"column":88}},"type":"binary-expr","locations":[{"start":{"line":116,"column":43},"end":{"line":116,"column":61}},{"start":{"line":116,"column":65},"end":{"line":116,"column":88}}],"line":116},"8":{"loc":{"start":{"line":120,"column":9},"end":{"line":136,"column":9}},"type":"binary-expr","locations":[{"start":{"line":120,"column":9},"end":{"line":120,"column":23}},{"start":{"line":121,"column":12},"end":{"line":135,"column":18}}],"line":120},"9":{"loc":{"start":{"line":143,"column":13},"end":{"line":156,"column":13}},"type":"cond-expr","locations":[{"start":{"line":144,"column":12},"end":{"line":146,"column":21}},{"start":{"line":148,"column":12},"end":{"line":155,"column":21}}],"line":143},"10":{"loc":{"start":{"line":152,"column":26},"end":{"line":152,"column":58}},"type":"binary-expr","locations":[{"start":{"line":152,"column":26},"end":{"line":152,"column":38}},{"start":{"line":152,"column":42},"end":{"line":152,"column":58}}],"line":152},"11":{"loc":{"start":{"line":154,"column":17},"end":{"line":154,"column":58}},"type":"cond-expr","locations":[{"start":{"line":154,"column":32},"end":{"line":154,"column":47}},{"start":{"line":154,"column":50},"end":{"line":154,"column":58}}],"line":154}},"s":{"0":3,"1":6,"2":6,"3":6,"4":6,"5":1,"6":6,"7":0,"8":0,"9":0,"10":0,"11":0,"12":0,"13":0,"14":0,"15":0,"16":6,"17":0,"18":0,"19":0,"20":0,"21":0,"22":0,"23":0,"24":0,"25":0,"26":0,"27":6,"28":1,"29":5,"30":0},"f":{"0":6,"1":1,"2":0,"3":0,"4":0},"b":{"0":[0,0],"1":[1,5],"2":[5,0],"3":[5,3],"4":[0,5],"5":[0,0],"6":[5,5],"7":[5,3],"8":[5,1],"9":[4,1],"10":[1,1],"11":[0,1]},"_coverageSchema":"1a1c01bbd47fc00a2c39e90264f33305004495a9","hash":"668f4e9a78ae0e8215396046fad74603b46570da"}
,"/Users/satyasrujanapilli/Desktop/Briefly/briefly/frontend/src/SummariesList.js": {"path":"/Users/satyasrujanapilli/Desktop/Briefly/briefly/frontend/src/SummariesList.js","statementMap":{"0":{"start":{"line":33,"column":19},"end":{"line":40,"column":3}},"1":{"start":{"line":33,"column":48},"end":{"line":40,"column":1}},"2":{"start":{"line":42,"column":22},"end":{"line":498,"column":1}},"3":{"start":{"line":43,"column":23},"end":{"line":43,"column":32}},"4":{"start":{"line":44,"column":36},"end":{"line":44,"column":48}},"5":{"start":{"line":45,"column":48},"end":{"line":45,"column":62}},"6":{"start":{"line":46,"column":40},"end":{"line":46,"column":52}},"7":{"start":{"line":47,"column":32},"end":{"line":47,"column":46}},"8":{"start":{"line":48,"column":28},"end":{"line":48,"column":42}},"9":{"start":{"line":49,"column":34},"end":{"line":49,"column":49}},"10":{"start":{"line":50,"column":40},"end":{"line":50,"column":64}},"11":{"start":{"line":51,"column":46},"end":{"line":51,"column":60}},"12":{"start":{"line":52,"column":36},"end":{"line":52,"column":48}},"13":{"start":{"line":53,"column":32},"end":{"line":53,"column":47}},"14":{"start":{"line":54,"column":42},"end":{"line":54,"column":54}},"15":{"start":{"line":55,"column":48},"end":{"line":55,"column":60}},"16":{"start":{"line":56,"column":50},"end":{"line":56,"column":65}},"17":{"start":{"line":57,"column":48},"end":{"line":57,"column":62}},"18":{"start":{"line":58,"column":36},"end":{"line":58,"column":51}},"19":{"start":{"line":60,"column":25},"end":{"line":78,"column":3}},"20":{"start":{"line":61,"column":4},"end":{"line":77,"column":5}},"21":{"start":{"line":62,"column":6},"end":{"line":62,"column":23}},"22":{"start":{"line":63,"column":23},"end":{"line":63,"column":58}},"23":{"start":{"line":64,"column":6},"end":{"line":66,"column":7}},"24":{"start":{"line":65,"column":8},"end":{"line":65,"column":53}},"25":{"start":{"line":67,"column":19},"end":{"line":67,"column":34}},"26":{"start":{"line":68,"column":6},"end":{"line":70,"column":7}},"27":{"start":{"line":69,"column":8},"end":{"line":69,"column":75}},"28":{"start":{"line":71,"column":6},"end":{"line":71,"column":25}},"29":{"start":{"line":73,"column":6},"end":{"line":73,"column":54}},"30":{"start":{"line":74,"column":6},"end":{"line":74,"column":68}},"31":{"start":{"line":76,"column":6},"end":{"line":76,"column":24}},"32":{"start":{"line":80,"column":31},"end":{"line":100,"column":3}},"33":{"start":{"line":81,"column":4},"end":{"line":99,"column":5}},"34":{"start":{"line":82,"column":6},"end":{"line":82,"column":23}},"35":{"start":{"line":83,"column":23},"end":{"line":83,"column":64}},"36":{"start":{"line":84,"column":6},"end":{"line":84,"column":40}},"37":{"start":{"line":85,"column":6},"end":{"line":87,"column":7}},"38":{"start":{"line":86,"column":8},"end":{"line":86,"column":60}},"39":{"start":{"line":88,"column":19},"end":{"line":88,"column":34}},"40":{"start":{"line":89,"column":6},"end":{"line":89,"column":32}},"41":{"start":{"line":90,"column":6},"end":{"line":92,"column":7}},"42":{"start":{"line":91,"column":8},"end":{"line":91,"column":75}},"43":{"start":{"line":93,"column":6},"end":{"line":93,"column":31}},"44":{"start":{"line":95,"column":6},"end":{"line":95,"column":61}},"45":{"start":{"line":96,"column":6},"end":{"line":96,"column":75}},"46":{"start":{"line":98,"column":6},"end":{"line":98,"column":24}},"47":{"start":{"line":102,"column":2},"end":{"line":110,"column":30}},"48":{"start":{"line":103,"column":4},"end":{"line":109,"column":5}},"49":{"start":{"line":104,"column":6},"end":{"line":108,"column":7}},"50":{"start":{"line":105,"column":8},"end":{"line":105,"column":25}},"51":{"start":{"line":107,"column":8},"end":{"line":107,"column":31}},"52":{"start":{"line":112,"column":30},"end":{"line":123,"column":3}},"53":{"start":{"line":113,"column":4},"end":{"line":122,"column":5}},"54":{"start":{"line":114,"column":6},"end":{"line":114,"column":24}},"55":{"start":{"line":115,"column":6},"end":{"line":115,"column":41}},"56":{"start":{"line":116,"column":6},"end":{"line":116,"column":81}},"57":{"start":{"line":116,"column":29},"end":{"line":116,"column":79}},"58":{"start":{"line":116,"column":54},"end":{"line":116,"column":78}},"59":{"start":{"line":118,"column":6},"end":{"line":118,"column":52}},"60":{"start":{"line":119,"column":6},"end":{"line":119,"column":68}},"61":{"start":{"line":121,"column":6},"end":{"line":121,"column":25}},"62":{"start":{"line":124,"column":29},"end":{"line":126,"column":3}},"63":{"start":{"line":125,"column":4},"end":{"line":125,"column":31}},"64":{"start":{"line":128,"column":26},"end":{"line":149,"column":3}},"65":{"start":{"line":129,"column":4},"end":{"line":132,"column":5}},"66":{"start":{"line":130,"column":6},"end":{"line":130,"column":59}},"67":{"start":{"line":131,"column":6},"end":{"line":131,"column":13}},"68":{"start":{"line":134,"column":4},"end":{"line":148,"column":5}},"69":{"start":{"line":135,"column":6},"end":{"line":135,"column":23}},"70":{"start":{"line":136,"column":6},"end":{"line":136,"column":55}},"71":{"start":{"line":137,"column":6},"end":{"line":137,"column":61}},"72":{"start":{"line":138,"column":6},"end":{"line":138,"column":30}},"73":{"start":{"line":139,"column":6},"end":{"line":139,"column":23}},"74":{"start":{"line":141,"column":6},"end":{"line":141,"column":23}},"75":{"start":{"line":142,"column":6},"end":{"line":142,"column":51}},"76":{"start":{"line":143,"column":26},"end":{"line":143,"column":36}},"77":{"start":{"line":145,"column":6},"end":{"line":145,"column":36}},"78":{"start":{"line":147,"column":6},"end":{"line":147,"column":24}},"79":{"start":{"line":151,"column":34},"end":{"line":159,"column":3}},"80":{"start":{"line":152,"column":4},"end":{"line":158,"column":5}},"81":{"start":{"line":154,"column":33},"end":{"line":154,"column":65}},"82":{"start":{"line":155,"column":6},"end":{"line":155,"column":52}},"83":{"start":{"line":157,"column":6},"end":{"line":157,"column":56}},"84":{"start":{"line":161,"column":28},"end":{"line":163,"column":3}},"85":{"start":{"line":162,"column":4},"end":{"line":162,"column":32}},"86":{"start":{"line":165,"column":27},"end":{"line":168,"column":3}},"87":{"start":{"line":166,"column":4},"end":{"line":166,"column":29}},"88":{"start":{"line":167,"column":4},"end":{"line":167,"column":28}},"89":{"start":{"line":170,"column":28},"end":{"line":175,"column":3}},"90":{"start":{"line":171,"column":4},"end":{"line":171,"column":29}},"91":{"start":{"line":172,"column":4},"end":{"line":172,"column":28}},"92":{"start":{"line":173,"column":4},"end":{"line":173,"column":21}},"93":{"start":{"line":174,"column":4},"end":{"line":174,"column":24}},"94":{"start":{"line":177,"column":31},"end":{"line":180,"column":3}},"95":{"start":{"line":178,"column":4},"end":{"line":178,"column":34}},"96":{"start":{"line":179,"column":4},"end":{"line":179,"column":30}},"97":{"start":{"line":182,"column":28},"end":{"line":187,"column":4}},"98":{"start":{"line":183,"column":23},"end":{"line":183,"column":86}},"99":{"start":{"line":184,"column":26},"end":{"line":185,"column":94}},"100":{"start":{"line":186,"column":4},"end":{"line":186,"column":39}},"101":{"start":{"line":189,"column":34},"end":{"line":194,"column":4}},"102":{"start":{"line":190,"column":23},"end":{"line":190,"column":86}},"103":{"start":{"line":191,"column":26},"end":{"line":192,"column":94}},"104":{"start":{"line":193,"column":4},"end":{"line":193,"column":39}},"105":{"start":{"line":196,"column":26},"end":{"line":198,"column":3}},"106":{"start":{"line":197,"column":4},"end":{"line":197,"column":27}},"107":{"start":{"line":200,"column":28},"end":{"line":211,"column":3}},"108":{"start":{"line":201,"column":4},"end":{"line":210,"column":5}},"109":{"start":{"line":203,"column":8},"end":{"line":203,"column":64}},"110":{"start":{"line":205,"column":8},"end":{"line":205,"column":64}},"111":{"start":{"line":207,"column":8},"end":{"line":207,"column":64}},"112":{"start":{"line":209,"column":8},"end":{"line":209,"column":64}},"113":{"start":{"line":213,"column":2},"end":{"line":226,"column":3}},"114":{"start":{"line":214,"column":4},"end":{"line":225,"column":6}},"115":{"start":{"line":228,"column":2},"end":{"line":230,"column":3}},"116":{"start":{"line":229,"column":4},"end":{"line":229,"column":51}},"117":{"start":{"line":232,"column":2},"end":{"line":241,"column":3}},"118":{"start":{"line":234,"column":4},"end":{"line":240,"column":6}},"119":{"start":{"line":238,"column":42},"end":{"line":238,"column":74}},"120":{"start":{"line":243,"column":2},"end":{"line":245,"column":3}},"121":{"start":{"line":244,"column":4},"end":{"line":244,"column":93}},"122":{"start":{"line":248,"column":2},"end":{"line":497,"column":4}},"123":{"start":{"line":260,"column":27},"end":{"line":260,"column":57}},"124":{"start":{"line":307,"column":10},"end":{"line":307,"column":49}},"125":{"start":{"line":308,"column":10},"end":{"line":308,"column":88}},"126":{"start":{"line":309,"column":10},"end":{"line":309,"column":29}},"127":{"start":{"line":315,"column":10},"end":{"line":412,"column":17}},"128":{"start":{"line":317,"column":29},"end":{"line":317,"column":55}},"129":{"start":{"line":372,"column":68},"end":{"line":372,"column":94}},"130":{"start":{"line":381,"column":24},"end":{"line":381,"column":44}},"131":{"start":{"line":382,"column":24},"end":{"line":382,"column":57}},"132":{"start":{"line":401,"column":24},"end":{"line":401,"column":44}},"133":{"start":{"line":402,"column":24},"end":{"line":402,"column":52}},"134":{"start":{"line":419,"column":23},"end":{"line":419,"column":49}},"135":{"start":{"line":427,"column":27},"end":{"line":427,"column":53}},"136":{"start":{"line":434,"column":14},"end":{"line":434,"column":41}},"137":{"start":{"line":435,"column":14},"end":{"line":435,"column":51}},"138":{"start":{"line":476,"column":31},"end":{"line":476,"column":59}}},"fnMap":{"0":{"name":"(anonymous_0)","decl":{"start":{"line":33,"column":32},"end":{"line":33,"column":33}},"loc":{"start":{"line":33,"column":48},"end":{"line":40,"column":1}},"line":33},"1":{"name":"(anonymous_1)","decl":{"start":{"line":42,"column":22},"end":{"line":42,"column":23}},"loc":{"start":{"line":42,"column":47},"end":{"line":498,"column":1}},"line":42},"2":{"name":"(anonymous_2)","decl":{"start":{"line":60,"column":25},"end":{"line":60,"column":26}},"loc":{"start":{"line":60,"column":37},"end":{"line":78,"column":3}},"line":60},"3":{"name":"(anonymous_3)","decl":{"start":{"line":80,"column":31},"end":{"line":80,"column":32}},"loc":{"start":{"line":80,"column":43},"end":{"line":100,"column":3}},"line":80},"4":{"name":"(anonymous_4)","decl":{"start":{"line":102,"column":12},"end":{"line":102,"column":13}},"loc":{"start":{"line":102,"column":18},"end":{"line":110,"column":3}},"line":102},"5":{"name":"(anonymous_5)","decl":{"start":{"line":112,"column":30},"end":{"line":112,"column":31}},"loc":{"start":{"line":112,"column":51},"end":{"line":123,"column":3}},"line":112},"6":{"name":"(anonymous_6)","decl":{"start":{"line":116,"column":19},"end":{"line":116,"column":20}},"loc":{"start":{"line":116,"column":29},"end":{"line":116,"column":79}},"line":116},"7":{"name":"(anonymous_7)","decl":{"start":{"line":116,"column":41},"end":{"line":116,"column":42}},"loc":{"start":{"line":116,"column":54},"end":{"line":116,"column":78}},"line":116},"8":{"name":"(anonymous_8)","decl":{"start":{"line":124,"column":29},"end":{"line":124,"column":30}},"loc":{"start":{"line":124,"column":42},"end":{"line":126,"column":3}},"line":124},"9":{"name":"(anonymous_9)","decl":{"start":{"line":128,"column":26},"end":{"line":128,"column":27}},"loc":{"start":{"line":128,"column":38},"end":{"line":149,"column":3}},"line":128},"10":{"name":"(anonymous_10)","decl":{"start":{"line":151,"column":34},"end":{"line":151,"column":35}},"loc":{"start":{"line":151,"column":53},"end":{"line":159,"column":3}},"line":151},"11":{"name":"(anonymous_11)","decl":{"start":{"line":161,"column":28},"end":{"line":161,"column":29}},"loc":{"start":{"line":161,"column":41},"end":{"line":163,"column":3}},"line":161},"12":{"name":"(anonymous_12)","decl":{"start":{"line":165,"column":27},"end":{"line":165,"column":28}},"loc":{"start":{"line":165,"column":33},"end":{"line":168,"column":3}},"line":165},"13":{"name":"(anonymous_13)","decl":{"start":{"line":170,"column":28},"end":{"line":170,"column":29}},"loc":{"start":{"line":170,"column":34},"end":{"line":175,"column":3}},"line":170},"14":{"name":"(anonymous_14)","decl":{"start":{"line":177,"column":31},"end":{"line":177,"column":32}},"loc":{"start":{"line":177,"column":46},"end":{"line":180,"column":3}},"line":177},"15":{"name":"(anonymous_15)","decl":{"start":{"line":182,"column":45},"end":{"line":182,"column":46}},"loc":{"start":{"line":182,"column":58},"end":{"line":187,"column":3}},"line":182},"16":{"name":"(anonymous_16)","decl":{"start":{"line":189,"column":57},"end":{"line":189,"column":58}},"loc":{"start":{"line":189,"column":70},"end":{"line":194,"column":3}},"line":189},"17":{"name":"(anonymous_17)","decl":{"start":{"line":196,"column":26},"end":{"line":196,"column":27}},"loc":{"start":{"line":196,"column":47},"end":{"line":198,"column":3}},"line":196},"18":{"name":"(anonymous_18)","decl":{"start":{"line":200,"column":28},"end":{"line":200,"column":29}},"loc":{"start":{"line":200,"column":38},"end":{"line":211,"column":3}},"line":200},"19":{"name":"(anonymous_19)","decl":{"start":{"line":238,"column":29},"end":{"line":238,"column":30}},"loc":{"start":{"line":238,"column":42},"end":{"line":238,"column":74}},"line":238},"20":{"name":"(anonymous_20)","decl":{"start":{"line":260,"column":20},"end":{"line":260,"column":21}},"loc":{"start":{"line":260,"column":27},"end":{"line":260,"column":57}},"line":260},"21":{"name":"(anonymous_21)","decl":{"start":{"line":306,"column":24},"end":{"line":306,"column":25}},"loc":{"start":{"line":306,"column":34},"end":{"line":310,"column":9}},"line":306},"22":{"name":"(anonymous_22)","decl":{"start":{"line":314,"column":92},"end":{"line":314,"column":93}},"loc":{"start":{"line":315,"column":10},"end":{"line":412,"column":17}},"line":315},"23":{"name":"(anonymous_23)","decl":{"start":{"line":317,"column":23},"end":{"line":317,"column":24}},"loc":{"start":{"line":317,"column":29},"end":{"line":317,"column":55}},"line":317},"24":{"name":"(anonymous_24)","decl":{"start":{"line":372,"column":62},"end":{"line":372,"column":63}},"loc":{"start":{"line":372,"column":68},"end":{"line":372,"column":94}},"line":372},"25":{"name":"(anonymous_25)","decl":{"start":{"line":380,"column":31},"end":{"line":380,"column":32}},"loc":{"start":{"line":380,"column":38},"end":{"line":383,"column":23}},"line":380},"26":{"name":"(anonymous_26)","decl":{"start":{"line":400,"column":31},"end":{"line":400,"column":32}},"loc":{"start":{"line":400,"column":38},"end":{"line":403,"column":25}},"line":400},"27":{"name":"(anonymous_27)","decl":{"start":{"line":419,"column":17},"end":{"line":419,"column":18}},"loc":{"start":{"line":419,"column":23},"end":{"line":419,"column":49}},"line":419},"28":{"name":"(anonymous_28)","decl":{"start":{"line":427,"column":21},"end":{"line":427,"column":22}},"loc":{"start":{"line":427,"column":27},"end":{"line":427,"column":53}},"line":427},"29":{"name":"(anonymous_29)","decl":{"start":{"line":433,"column":21},"end":{"line":433,"column":22}},"loc":{"start":{"line":433,"column":27},"end":{"line":436,"column":13}},"line":433},"30":{"name":"(anonymous_30)","decl":{"start":{"line":476,"column":24},"end":{"line":476,"column":25}},"loc":{"start":{"line":476,"column":31},"end":{"line":476,"column":59}},"line":476}},"branchMap":{"0":{"loc":{"start":{"line":64,"column":6},"end":{"line":66,"column":7}},"type":"if","locations":[{"start":{"line":64,"column":6},"end":{"line":66,"column":7}},{"start":{},"end":{}}],"line":64},"1":{"loc":{"start":{"line":68,"column":6},"end":{"line":70,"column":7}},"type":"if","locations":[{"start":{"line":68,"column":6},"end":{"line":70,"column":7}},{"start":{},"end":{}}],"line":68},"2":{"loc":{"start":{"line":85,"column":6},"end":{"line":87,"column":7}},"type":"if","locations":[{"start":{"line":85,"column":6},"end":{"line":87,"column":7}},{"start":{},"end":{}}],"line":85},"3":{"loc":{"start":{"line":90,"column":6},"end":{"line":92,"column":7}},"type":"if","locations":[{"start":{"line":90,"column":6},"end":{"line":92,"column":7}},{"start":{},"end":{}}],"line":90},"4":{"loc":{"start":{"line":103,"column":4},"end":{"line":109,"column":5}},"type":"if","locations":[{"start":{"line":103,"column":4},"end":{"line":109,"column":5}},{"start":{},"end":{}}],"line":103},"5":{"loc":{"start":{"line":104,"column":6},"end":{"line":108,"column":7}},"type":"if","locations":[{"start":{"line":104,"column":6},"end":{"line":108,"column":7}},{"start":{"line":106,"column":13},"end":{"line":108,"column":7}}],"line":104},"6":{"loc":{"start":{"line":129,"column":4},"end":{"line":132,"column":5}},"type":"if","locations":[{"start":{"line":129,"column":4},"end":{"line":132,"column":5}},{"start":{},"end":{}}],"line":129},"7":{"loc":{"start":{"line":183,"column":23},"end":{"line":183,"column":86}},"type":"binary-expr","locations":[{"start":{"line":183,"column":23},"end":{"line":183,"column":42}},{"start":{"line":183,"column":46},"end":{"line":183,"column":86}}],"line":183},"8":{"loc":{"start":{"line":184,"column":26},"end":{"line":185,"column":94}},"type":"binary-expr","locations":[{"start":{"line":184,"column":26},"end":{"line":184,"column":89}},{"start":{"line":185,"column":26},"end":{"line":185,"column":94}}],"line":184},"9":{"loc":{"start":{"line":186,"column":11},"end":{"line":186,"column":38}},"type":"binary-expr","locations":[{"start":{"line":186,"column":11},"end":{"line":186,"column":21}},{"start":{"line":186,"column":25},"end":{"line":186,"column":38}}],"line":186},"10":{"loc":{"start":{"line":190,"column":23},"end":{"line":190,"column":86}},"type":"binary-expr","locations":[{"start":{"line":190,"column":23},"end":{"line":190,"column":42}},{"start":{"line":190,"column":46},"end":{"line":190,"column":86}}],"line":190},"11":{"loc":{"start":{"line":191,"column":26},"end":{"line":192,"column":94}},"type":"binary-expr","locations":[{"start":{"line":191,"column":26},"end":{"line":191,"column":89}},{"start":{"line":192,"column":26},"end":{"line":192,"column":94}}],"line":191},"12":{"loc":{"start":{"line":193,"column":11},"end":{"line":193,"column":38}},"type":"binary-expr","locations":[{"start":{"line":193,"column":11},"end":{"line":193,"column":21}},{"start":{"line":193,"column":25},"end":{"line":193,"column":38}}],"line":193},"13":{"loc":{"start":{"line":201,"column":4},"end":{"line":210,"column":5}},"type":"switch","locations":[{"start":{"line":202,"column":6},"end":{"line":203,"column":64}},{"start":{"line":204,"column":6},"end":{"line":205,"column":64}},{"start":{"line":206,"column":6},"end":{"line":207,"column":64}},{"start":{"line":208,"column":6},"end":{"line":209,"column":64}}],"line":201},"14":{"loc":{"start":{"line":213,"column":2},"end":{"line":226,"column":3}},"type":"if","locations":[{"start":{"line":213,"column":2},"end":{"line":226,"column":3}},{"start":{},"end":{}}],"line":213},"15":{"loc":{"start":{"line":228,"column":2},"end":{"line":230,"column":3}},"type":"if","locations":[{"start":{"line":228,"column":2},"end":{"line":230,"column":3}},{"start":{},"end":{}}],"line":228},"16":{"loc":{"start":{"line":232,"column":2},"end":{"line":241,"column":3}},"type":"if","locations":[{"start":{"line":232,"column":2},"end":{"line":241,"column":3}},{"start":{},"end":{}}],"line":232},"17":{"loc":{"start":{"line":243,"column":2},"end":{"line":245,"column":3}},"type":"if","locations":[{"start":{"line":243,"column":2},"end":{"line":245,"column":3}},{"start":{},"end":{}}],"line":243},"18":{"loc":{"start":{"line":251,"column":9},"end":{"line":251,"column":77}},"type":"cond-expr","locations":[{"start":{"line":251,"column":42},"end":{"line":251,"column":56}},{"start":{"line":251,"column":59},"end":{"line":251,"column":77}}],"line":251},"19":{"loc":{"start":{"line":308,"column":25},"end":{"line":308,"column":86}},"type":"cond-expr","locations":[{"start":{"line":308,"column":51},"end":{"line":308,"column":65}},{"start":{"line":308,"column":68},"end":{"line":308,"column":86}}],"line":308},"20":{"loc":{"start":{"line":314,"column":10},"end":{"line":314,"column":86}},"type":"cond-expr","locations":[{"start":{"line":314,"column":43},"end":{"line":314,"column":60}},{"start":{"line":314,"column":63},"end":{"line":314,"column":86}}],"line":314},"21":{"loc":{"start":{"line":334,"column":19},"end":{"line":334,"column":54}},"type":"binary-expr","locations":[{"start":{"line":334,"column":19},"end":{"line":334,"column":32}},{"start":{"line":334,"column":36},"end":{"line":334,"column":54}}],"line":334},"22":{"loc":{"start":{"line":339,"column":27},"end":{"line":339,"column":52}},"type":"binary-expr","locations":[{"start":{"line":339,"column":27},"end":{"line":339,"column":39}},{"start":{"line":339,"column":43},"end":{"line":339,"column":52}}],"line":339},"23":{"loc":{"start":{"line":358,"column":30},"end":{"line":358,"column":67}},"type":"binary-expr","locations":[{"start":{"line":358,"column":30},"end":{"line":358,"column":46}},{"start":{"line":358,"column":50},"end":{"line":358,"column":67}}],"line":358},"24":{"loc":{"start":{"line":362,"column":17},"end":{"line":366,"column":17}},"type":"binary-expr","locations":[{"start":{"line":362,"column":17},"end":{"line":362,"column":51}},{"start":{"line":363,"column":18},"end":{"line":365,"column":31}}],"line":362},"25":{"loc":{"start":{"line":368,"column":19},"end":{"line":368,"column":100}},"type":"binary-expr","locations":[{"start":{"line":368,"column":19},"end":{"line":368,"column":34}},{"start":{"line":368,"column":38},"end":{"line":368,"column":56}},{"start":{"line":368,"column":60},"end":{"line":368,"column":100}}],"line":368},"26":{"loc":{"start":{"line":375,"column":17},"end":{"line":409,"column":17}},"type":"binary-expr","locations":[{"start":{"line":375,"column":17},"end":{"line":375,"column":47}},{"start":{"line":376,"column":18},"end":{"line":408,"column":21}}],"line":375},"27":{"loc":{"start":{"line":445,"column":7},"end":{"line":462,"column":7}},"type":"binary-expr","locations":[{"start":{"line":445,"column":7},"end":{"line":445,"column":22}},{"start":{"line":446,"column":8},"end":{"line":461,"column":17}}],"line":445},"28":{"loc":{"start":{"line":447,"column":24},"end":{"line":447,"column":67}},"type":"binary-expr","locations":[{"start":{"line":447,"column":24},"end":{"line":447,"column":45}},{"start":{"line":447,"column":49},"end":{"line":447,"column":67}}],"line":447},"29":{"loc":{"start":{"line":453,"column":15},"end":{"line":453,"column":65}},"type":"binary-expr","locations":[{"start":{"line":453,"column":15},"end":{"line":453,"column":38}},{"start":{"line":453,"column":42},"end":{"line":453,"column":65}}],"line":453},"30":{"loc":{"start":{"line":464,"column":8},"end":{"line":495,"column":7}},"type":"binary-expr","locations":[{"start":{"line":464,"column":8},"end":{"line":464,"column":22}},{"start":{"line":465,"column":8},"end":{"line":494,"column":17}}],"line":464},"31":{"loc":{"start":{"line":469,"column":24},"end":{"line":469,"column":66}},"type":"binary-expr","locations":[{"start":{"line":469,"column":24},"end":{"line":469,"column":44}},{"start":{"line":469,"column":48},"end":{"line":469,"column":66}}],"line":469},"32":{"loc":{"start":{"line":480,"column":7},"end":{"line":484,"column":7}},"type":"binary-expr","locations":[{"start":{"line":480,"column":7},"end":{"line":480,"column":19}},{"start":{"line":481,"column":8},"end":{"line":483,"column":21}}],"line":480},"33":{"loc":{"start":{"line":491,"column":15},"end":{"line":491,"column":47}},"type":"cond-expr","locations":[{"start":{"line":491,"column":25},"end":{"line":491,"column":37}},{"start":{"line":491,"column":40},"end":{"line":491,"column":47}}],"line":491}},"s":{"0":2,"1":10,"2":2,"3":11,"4":11,"5":11,"6":11,"7":11,"8":11,"9":11,"10":11,"11":11,"12":11,"13":11,"14":11,"15":11,"16":11,"17":11,"18":11,"19":11,"20":5,"21":5,"22":5,"23":4,"24":0,"25":4,"26":4,"27":0,"28":4,"29":1,"30":1,"31":5,"32":11,"33":0,"34":0,"35":0,"36":0,"37":0,"38":0,"39":0,"40":0,"41":0,"42":0,"43":0,"44":0,"45":0,"46":0,"47":11,"48":5,"49":5,"50":5,"51":0,"52":11,"53":0,"54":0,"55":0,"56":0,"57":0,"58":0,"59":0,"60":0,"61":0,"62":11,"63":0,"64":11,"65":0,"66":0,"67":0,"68":0,"69":0,"70":0,"71":0,"72":0,"73":0,"74":0,"75":0,"76":0,"77":0,"78":0,"79":11,"80":0,"81":0,"82":0,"83":0,"84":11,"85":0,"86":11,"87":0,"88":0,"89":11,"90":0,"91":0,"92":0,"93":0,"94":11,"95":2,"96":2,"97":11,"98":10,"99":10,"100":10,"101":11,"102":0,"103":0,"104":0,"105":11,"106":0,"107":11,"108":10,"109":5,"110":5,"111":0,"112":0,"113":11,"114":5,"115":6,"116":0,"117":6,"118":0,"119":0,"120":6,"121":1,"122":5,"123":0,"124":0,"125":0,"126":0,"127":10,"128":0,"129":0,"130":2,"131":2,"132":0,"133":0,"134":0,"135":0,"136":0,"137":0,"138":0},"f":{"0":10,"1":11,"2":5,"3":0,"4":5,"5":0,"6":0,"7":0,"8":0,"9":0,"10":0,"11":0,"12":0,"13":0,"14":2,"15":10,"16":0,"17":0,"18":10,"19":0,"20":0,"21":0,"22":10,"23":0,"24":0,"25":2,"26":0,"27":0,"28":0,"29":0,"30":0},"b":{"0":[0,4],"1":[0,4],"2":[0,0],"3":[0,0],"4":[5,0],"5":[5,0],"6":[0,0],"7":[10,0],"8":[10,0],"9":[10,10],"10":[0,0],"11":[0,0],"12":[0,0],"13":[5,5,0,0],"14":[5,6],"15":[0,6],"16":[0,6],"17":[1,5],"18":[5,0],"19":[0,0],"20":[5,0],"21":[10,0],"22":[10,0],"23":[10,10],"24":[10,0],"25":[10,0,0],"26":[10,10],"27":[5,0],"28":[0,0],"29":[0,0],"30":[5,0],"31":[0,0],"32":[0,0],"33":[0,0]},"_coverageSchema":"1a1c01bbd47fc00a2c39e90264f33305004495a9","hash":"6fcab678ac6175278f7f0763a40a9ee63ee5c965"}
,"/Users/satyasrujanapilli/Desktop/Briefly/briefly/frontend/src/index.js": {"path":"/Users/satyasrujanapilli/Desktop/Briefly/briefly/frontend/src/index.js","statementMap":{"0":{"start":{"line":7,"column":13},"end":{"line":7,"column":65}},"1":{"start":{"line":8,"column":0},"end":{"line":12,"column":2}},"2":{"start":{"line":17,"column":0},"end":{"line":17,"column":18}}},"fnMap":{},"branchMap":{},"s":{"0":1,"1":1,"2":1},"f":{},"b":{},"_coverageSchema":"1a1c01bbd47fc00a2c39e90264f33305004495a9","hash":"df01b45eb2284783c17c82d15855c8b855544ff7"}
,"/Users/satyasrujanapilli/Desktop/Briefly/briefly/frontend/src/reportWebVitals.js": {"path":"/Users/satyasrujanapilli/Desktop/Briefly/briefly/frontend/src/reportWebVitals.js","statementMap":{"0":{"start":{"line":1,"column":24},"end":{"line":11,"column":1}},"1":{"start":{"line":2,"column":2},"end":{"line":10,"column":3}},"2":{"start":{"line":3,"column":4},"end":{"line":9,"column":7}},"3":{"start":{"line":4,"column":6},"end":{"line":4,"column":26}},"4":{"start":{"line":5,"column":6},"end":{"line":5,"column":26}},"5":{"start":{"line":6,"column":6},"end":{"line":6,"column":26}},"6":{"start":{"line":7,"column":6},"end":{"line":7,"column":26}},"7":{"start":{"line":8,"column":6},"end":{"line":8,"column":27}}},"fnMap":{"0":{"name":"(anonymous_0)","decl":{"start":{"line":1,"column":24},"end":{"line":1,"column":25}},"loc":{"start":{"line":1,"column":39},"end":{"line":11,"column":1}},"line":1},"1":{"name":"(anonymous_1)","decl":{"start":{"line":3,"column":30},"end":{"line":3,"column":31}},"loc":{"start":{"line":3,"column":79},"end":{"line":9,"column":5}},"line":3}},"branchMap":{"0":{"loc":{"start":{"line":2,"column":2},"end":{"line":10,"column":3}},"type":"if","locations":[{"start":{"line":2,"column":2},"end":{"line":10,"column":3}},{"start":{},"end":{}}],"line":2},"1":{"loc":{"start":{"line":2,"column":6},"end":{"line":2,"column":52}},"type":"binary-expr","locations":[{"start":{"line":2,"column":6},"end":{"line":2,"column":17}},{"start":{"line":2,"column":21},"end":{"line":2,"column":52}}],"line":2}},"s":{"0":0,"1":0,"2":0,"3":0,"4":0,"5":0,"6":0,"7":0},"f":{"0":0,"1":0},"b":{"0":[0,0],"1":[0,0]}}
}
