{"/Users/mitradatta/Desktop/Academics/520/520_Project/briefly/frontend/src/App.js": {"path":"/Users/mitradatta/Desktop/Academics/520/520_Project/briefly/frontend/src/App.js","statementMap":{"0":{"start":{"line":10,"column":20},"end":{"line":10,"column":39}},"1":{"start":{"line":12,"column":28},"end":{"line":138,"column":1}},"2":{"start":{"line":13,"column":48},"end":{"line":13,"column":63}},"3":{"start":{"line":14,"column":34},"end":{"line":14,"column":48}},"4":{"start":{"line":15,"column":36},"end":{"line":15,"column":48}},"5":{"start":{"line":16,"column":32},"end":{"line":16,"column":46}},"6":{"start":{"line":17,"column":28},"end":{"line":17,"column":42}},"7":{"start":{"line":19,"column":16},"end":{"line":46,"column":3}},"8":{"start":{"line":20,"column":4},"end":{"line":45,"column":5}},"9":{"start":{"line":21,"column":6},"end":{"line":21,"column":23}},"10":{"start":{"line":22,"column":6},"end":{"line":22,"column":21}},"11":{"start":{"line":24,"column":23},"end":{"line":24,"column":60}},"12":{"start":{"line":26,"column":6},"end":{"line":34,"column":7}},"13":{"start":{"line":27,"column":8},"end":{"line":27,"column":71}},"14":{"start":{"line":28,"column":8},"end":{"line":28,"column":80}},"15":{"start":{"line":30,"column":8},"end":{"line":30,"column":42}},"16":{"start":{"line":31,"column":8},"end":{"line":31,"column":33}},"17":{"start":{"line":33,"column":8},"end":{"line":33,"column":33}},"18":{"start":{"line":36,"column":6},"end":{"line":36,"column":45}},"19":{"start":{"line":38,"column":6},"end":{"line":38,"column":57}},"20":{"start":{"line":39,"column":6},"end":{"line":42,"column":8}},"21":{"start":{"line":44,"column":6},"end":{"line":44,"column":24}},"22":{"start":{"line":48,"column":19},"end":{"line":65,"column":3}},"23":{"start":{"line":49,"column":4},"end":{"line":64,"column":5}},"24":{"start":{"line":50,"column":6},"end":{"line":50,"column":23}},"25":{"start":{"line":51,"column":6},"end":{"line":51,"column":21}},"26":{"start":{"line":53,"column":23},"end":{"line":53,"column":49}},"27":{"start":{"line":54,"column":6},"end":{"line":54,"column":47}},"28":{"start":{"line":57,"column":6},"end":{"line":57,"column":55}},"29":{"start":{"line":58,"column":6},"end":{"line":61,"column":8}},"30":{"start":{"line":63,"column":6},"end":{"line":63,"column":24}},"31":{"start":{"line":67,"column":17},"end":{"line":74,"column":3}},"32":{"start":{"line":68,"column":4},"end":{"line":68,"column":42}},"33":{"start":{"line":69,"column":4},"end":{"line":69,"column":41}},"34":{"start":{"line":70,"column":4},"end":{"line":70,"column":30}},"35":{"start":{"line":71,"column":4},"end":{"line":71,"column":22}},"36":{"start":{"line":72,"column":4},"end":{"line":72,"column":21}},"37":{"start":{"line":73,"column":4},"end":{"line":73,"column":19}},"38":{"start":{"line":76,"column":22},"end":{"line":116,"column":3}},"39":{"start":{"line":77,"column":4},"end":{"line":115,"column":5}},"40":{"start":{"line":78,"column":20},"end":{"line":78,"column":54}},"41":{"start":{"line":79,"column":29},"end":{"line":79,"column":62}},"42":{"start":{"line":81,"column":6},"end":{"line":83,"column":7}},"43":{"start":{"line":82,"column":8},"end":{"line":82,"column":55}},"44":{"start":{"line":85,"column":27},"end":{"line":85,"column":43}},"45":{"start":{"line":87,"column":6},"end":{"line":89,"column":7}},"46":{"start":{"line":88,"column":8},"end":{"line":88,"column":41}},"47":{"start":{"line":91,"column":29},"end":{"line":91,"column":55}},"48":{"start":{"line":92,"column":6},"end":{"line":92,"column":34}},"49":{"start":{"line":93,"column":6},"end":{"line":93,"column":31}},"50":{"start":{"line":95,"column":6},"end":{"line":108,"column":7}},"51":{"start":{"line":96,"column":8},"end":{"line":96,"column":71}},"52":{"start":{"line":97,"column":34},"end":{"line":97,"column":75}},"53":{"start":{"line":98,"column":8},"end":{"line":98,"column":62}},"54":{"start":{"line":100,"column":8},"end":{"line":104,"column":9}},"55":{"start":{"line":101,"column":10},"end":{"line":101,"column":55}},"56":{"start":{"line":103,"column":10},"end":{"line":103,"column":74}},"57":{"start":{"line":106,"column":8},"end":{"line":106,"column":58}},"58":{"start":{"line":107,"column":8},"end":{"line":107,"column":25}},"59":{"start":{"line":111,"column":6},"end":{"line":111,"column":57}},"60":{"start":{"line":112,"column":6},"end":{"line":112,"column":15}},"61":{"start":{"line":114,"column":6},"end":{"line":114,"column":24}},"62":{"start":{"line":118,"column":2},"end":{"line":120,"column":9}},"63":{"start":{"line":119,"column":4},"end":{"line":119,"column":18}},"64":{"start":{"line":122,"column":2},"end":{"line":137,"column":4}},"65":{"start":{"line":140,"column":23},"end":{"line":146,"column":1}},"66":{"start":{"line":141,"column":18},"end":{"line":141,"column":41}},"67":{"start":{"line":142,"column":2},"end":{"line":144,"column":3}},"68":{"start":{"line":143,"column":4},"end":{"line":143,"column":67}},"69":{"start":{"line":145,"column":2},"end":{"line":145,"column":17}},"70":{"start":{"line":148,"column":23},"end":{"line":176,"column":1}},"71":{"start":{"line":149,"column":39},"end":{"line":149,"column":48}},"72":{"start":{"line":150,"column":19},"end":{"line":150,"column":32}},"73":{"start":{"line":152,"column":2},"end":{"line":156,"column":43}},"74":{"start":{"line":153,"column":4},"end":{"line":155,"column":5}},"75":{"start":{"line":154,"column":6},"end":{"line":154,"column":44}},"76":{"start":{"line":158,"column":2},"end":{"line":173,"column":3}},"77":{"start":{"line":159,"column":4},"end":{"line":172,"column":6}},"78":{"start":{"line":175,"column":2},"end":{"line":175,"column":43}},"79":{"start":{"line":179,"column":2},"end":{"line":196,"column":4}}},"fnMap":{"0":{"name":"(anonymous_0)","decl":{"start":{"line":12,"column":28},"end":{"line":12,"column":29}},"loc":{"start":{"line":12,"column":46},"end":{"line":138,"column":1}},"line":12},"1":{"name":"(anonymous_1)","decl":{"start":{"line":19,"column":16},"end":{"line":19,"column":17}},"loc":{"start":{"line":19,"column":43},"end":{"line":46,"column":3}},"line":19},"2":{"name":"(anonymous_2)","decl":{"start":{"line":48,"column":19},"end":{"line":48,"column":20}},"loc":{"start":{"line":48,"column":39},"end":{"line":65,"column":3}},"line":48},"3":{"name":"(anonymous_3)","decl":{"start":{"line":67,"column":17},"end":{"line":67,"column":18}},"loc":{"start":{"line":67,"column":23},"end":{"line":74,"column":3}},"line":67},"4":{"name":"(anonymous_4)","decl":{"start":{"line":76,"column":22},"end":{"line":76,"column":23}},"loc":{"start":{"line":76,"column":34},"end":{"line":116,"column":3}},"line":76},"5":{"name":"(anonymous_5)","decl":{"start":{"line":118,"column":12},"end":{"line":118,"column":13}},"loc":{"start":{"line":118,"column":18},"end":{"line":120,"column":3}},"line":118},"6":{"name":"(anonymous_6)","decl":{"start":{"line":140,"column":23},"end":{"line":140,"column":24}},"loc":{"start":{"line":140,"column":29},"end":{"line":146,"column":1}},"line":140},"7":{"name":"(anonymous_7)","decl":{"start":{"line":148,"column":23},"end":{"line":148,"column":24}},"loc":{"start":{"line":148,"column":41},"end":{"line":176,"column":1}},"line":148},"8":{"name":"(anonymous_8)","decl":{"start":{"line":152,"column":12},"end":{"line":152,"column":13}},"loc":{"start":{"line":152,"column":18},"end":{"line":156,"column":3}},"line":152},"9":{"name":"App","decl":{"start":{"line":178,"column":9},"end":{"line":178,"column":12}},"loc":{"start":{"line":178,"column":15},"end":{"line":197,"column":1}},"line":178}},"branchMap":{"0":{"loc":{"start":{"line":26,"column":6},"end":{"line":34,"column":7}},"type":"if","locations":[{"start":{"line":26,"column":6},"end":{"line":34,"column":7}},{"start":{},"end":{}}],"line":26},"1":{"loc":{"start":{"line":38,"column":15},"end":{"line":38,"column":55}},"type":"binary-expr","locations":[{"start":{"line":38,"column":15},"end":{"line":38,"column":28}},{"start":{"line":38,"column":32},"end":{"line":38,"column":55}}],"line":38},"2":{"loc":{"start":{"line":41,"column":15},"end":{"line":41,"column":55}},"type":"binary-expr","locations":[{"start":{"line":41,"column":15},"end":{"line":41,"column":28}},{"start":{"line":41,"column":32},"end":{"line":41,"column":55}}],"line":41},"3":{"loc":{"start":{"line":57,"column":15},"end":{"line":57,"column":53}},"type":"binary-expr","locations":[{"start":{"line":57,"column":15},"end":{"line":57,"column":28}},{"start":{"line":57,"column":32},"end":{"line":57,"column":53}}],"line":57},"4":{"loc":{"start":{"line":60,"column":15},"end":{"line":60,"column":53}},"type":"binary-expr","locations":[{"start":{"line":60,"column":15},"end":{"line":60,"column":28}},{"start":{"line":60,"column":32},"end":{"line":60,"column":53}}],"line":60},"5":{"loc":{"start":{"line":81,"column":6},"end":{"line":83,"column":7}},"type":"if","locations":[{"start":{"line":81,"column":6},"end":{"line":83,"column":7}},{"start":{},"end":{}}],"line":81},"6":{"loc":{"start":{"line":81,"column":10},"end":{"line":81,"column":35}},"type":"binary-expr","locations":[{"start":{"line":81,"column":10},"end":{"line":81,"column":16}},{"start":{"line":81,"column":20},"end":{"line":81,"column":35}}],"line":81},"7":{"loc":{"start":{"line":87,"column":6},"end":{"line":89,"column":7}},"type":"if","locations":[{"start":{"line":87,"column":6},"end":{"line":89,"column":7}},{"start":{},"end":{}}],"line":87},"8":{"loc":{"start":{"line":100,"column":8},"end":{"line":104,"column":9}},"type":"if","locations":[{"start":{"line":100,"column":8},"end":{"line":104,"column":9}},{"start":{"line":102,"column":15},"end":{"line":104,"column":9}}],"line":100},"9":{"loc":{"start":{"line":100,"column":12},"end":{"line":100,"column":66}},"type":"binary-expr","locations":[{"start":{"line":100,"column":12},"end":{"line":100,"column":29}},{"start":{"line":100,"column":33},"end":{"line":100,"column":66}}],"line":100},"10":{"loc":{"start":{"line":101,"column":23},"end":{"line":101,"column":53}},"type":"binary-expr","locations":[{"start":{"line":101,"column":23},"end":{"line":101,"column":47}},{"start":{"line":101,"column":51},"end":{"line":101,"column":53}}],"line":101},"11":{"loc":{"start":{"line":142,"column":2},"end":{"line":144,"column":3}},"type":"if","locations":[{"start":{"line":142,"column":2},"end":{"line":144,"column":3}},{"start":{},"end":{}}],"line":142},"12":{"loc":{"start":{"line":153,"column":4},"end":{"line":155,"column":5}},"type":"if","locations":[{"start":{"line":153,"column":4},"end":{"line":155,"column":5}},{"start":{},"end":{}}],"line":153},"13":{"loc":{"start":{"line":153,"column":8},"end":{"line":153,"column":36}},"type":"binary-expr","locations":[{"start":{"line":153,"column":8},"end":{"line":153,"column":24}},{"start":{"line":153,"column":28},"end":{"line":153,"column":36}}],"line":153},"14":{"loc":{"start":{"line":158,"column":2},"end":{"line":173,"column":3}},"type":"if","locations":[{"start":{"line":158,"column":2},"end":{"line":173,"column":3}},{"start":{},"end":{}}],"line":158},"15":{"loc":{"start":{"line":175,"column":9},"end":{"line":175,"column":42}},"type":"cond-expr","locations":[{"start":{"line":175,"column":27},"end":{"line":175,"column":35}},{"start":{"line":175,"column":38},"end":{"line":175,"column":42}}],"line":175}},"s":{"0":2,"1":2,"2":10,"3":10,"4":10,"5":10,"6":10,"7":10,"8":0,"9":0,"10":0,"11":0,"12":0,"13":0,"14":0,"15":0,"16":0,"17":0,"18":0,"19":0,"20":0,"21":0,"22":10,"23":0,"24":0,"25":0,"26":0,"27":0,"28":0,"29":0,"30":0,"31":10,"32":5,"33":5,"34":5,"35":5,"36":5,"37":5,"38":10,"39":5,"40":5,"41":5,"42":5,"43":5,"44":0,"45":0,"46":0,"47":0,"48":0,"49":0,"50":0,"51":0,"52":0,"53":0,"54":0,"55":0,"56":0,"57":0,"58":0,"59":5,"60":5,"61":5,"62":10,"63":5,"64":10,"65":2,"66":0,"67":0,"68":0,"69":0,"70":2,"71":0,"72":0,"73":0,"74":0,"75":0,"76":0,"77":0,"78":0,"79":0},"f":{"0":10,"1":0,"2":0,"3":5,"4":5,"5":5,"6":0,"7":0,"8":0,"9":0},"b":{"0":[0,0],"1":[0,0],"2":[0,0],"3":[0,0],"4":[0,0],"5":[5,0],"6":[5,0],"7":[0,0],"8":[0,0],"9":[0,0],"10":[0,0],"11":[0,0],"12":[0,0],"13":[0,0],"14":[0,0],"15":[0,0]},"_coverageSchema":"1a1c01bbd47fc00a2c39e90264f33305004495a9","hash":"3c8d33aa4240a06b4cea8db3c020fd488e7698b6"}
,"/Users/mitradatta/Desktop/Academics/520/520_Project/briefly/frontend/src/AuthForms.js": {"path":"/Users/mitradatta/Desktop/Academics/520/520_Project/briefly/frontend/src/AuthForms.js","statementMap":{"0":{"start":{"line":33,"column":18},"end":{"line":432,"column":1}},"1":{"start":{"line":34,"column":19},"end":{"line":34,"column":32}},"2":{"start":{"line":35,"column":30},"end":{"line":35,"column":39}},"3":{"start":{"line":37,"column":32},"end":{"line":37,"column":46}},"4":{"start":{"line":38,"column":42},"end":{"line":38,"column":57}},"5":{"start":{"line":39,"column":32},"end":{"line":39,"column":47}},"6":{"start":{"line":40,"column":28},"end":{"line":40,"column":40}},"7":{"start":{"line":41,"column":34},"end":{"line":48,"column":4}},"8":{"start":{"line":50,"column":40},"end":{"line":57,"column":4}},"9":{"start":{"line":59,"column":28},"end":{"line":64,"column":3}},"10":{"start":{"line":60,"column":4},"end":{"line":63,"column":8}},"11":{"start":{"line":60,"column":31},"end":{"line":63,"column":5}},"12":{"start":{"line":67,"column":24},"end":{"line":70,"column":8}},"13":{"start":{"line":68,"column":23},"end":{"line":68,"column":51}},"14":{"start":{"line":69,"column":4},"end":{"line":69,"column":34}},"15":{"start":{"line":72,"column":27},"end":{"line":81,"column":8}},"16":{"start":{"line":73,"column":4},"end":{"line":80,"column":8}},"17":{"start":{"line":73,"column":28},"end":{"line":80,"column":5}},"18":{"start":{"line":83,"column":2},"end":{"line":87,"column":44}},"19":{"start":{"line":84,"column":4},"end":{"line":86,"column":5}},"20":{"start":{"line":85,"column":6},"end":{"line":85,"column":42}},"21":{"start":{"line":89,"column":24},"end":{"line":92,"column":3}},"22":{"start":{"line":90,"column":23},"end":{"line":90,"column":42}},"23":{"start":{"line":91,"column":4},"end":{"line":91,"column":34}},"24":{"start":{"line":94,"column":23},"end":{"line":143,"column":3}},"25":{"start":{"line":95,"column":4},"end":{"line":95,"column":23}},"26":{"start":{"line":96,"column":4},"end":{"line":96,"column":17}},"27":{"start":{"line":98,"column":4},"end":{"line":101,"column":5}},"28":{"start":{"line":99,"column":6},"end":{"line":99,"column":53}},"29":{"start":{"line":100,"column":6},"end":{"line":100,"column":13}},"30":{"start":{"line":103,"column":4},"end":{"line":123,"column":5}},"31":{"start":{"line":104,"column":6},"end":{"line":107,"column":7}},"32":{"start":{"line":104,"column":49},"end":{"line":104,"column":50}},"33":{"start":{"line":105,"column":8},"end":{"line":105,"column":68}},"34":{"start":{"line":106,"column":8},"end":{"line":106,"column":15}},"35":{"start":{"line":109,"column":6},"end":{"line":112,"column":7}},"36":{"start":{"line":110,"column":8},"end":{"line":110,"column":43}},"37":{"start":{"line":111,"column":8},"end":{"line":111,"column":15}},"38":{"start":{"line":114,"column":6},"end":{"line":117,"column":7}},"39":{"start":{"line":115,"column":8},"end":{"line":115,"column":58}},"40":{"start":{"line":116,"column":8},"end":{"line":116,"column":15}},"41":{"start":{"line":119,"column":6},"end":{"line":122,"column":7}},"42":{"start":{"line":120,"column":8},"end":{"line":120,"column":54}},"43":{"start":{"line":121,"column":8},"end":{"line":121,"column":15}},"44":{"start":{"line":125,"column":4},"end":{"line":125,"column":21}},"45":{"start":{"line":127,"column":4},"end":{"line":142,"column":5}},"46":{"start":{"line":128,"column":21},"end":{"line":130,"column":34}},"47":{"start":{"line":132,"column":6},"end":{"line":136,"column":7}},"48":{"start":{"line":133,"column":8},"end":{"line":133,"column":31}},"49":{"start":{"line":135,"column":8},"end":{"line":135,"column":58}},"50":{"start":{"line":138,"column":6},"end":{"line":138,"column":77}},"51":{"start":{"line":139,"column":6},"end":{"line":139,"column":50}},"52":{"start":{"line":141,"column":6},"end":{"line":141,"column":24}},"53":{"start":{"line":145,"column":28},"end":{"line":158,"column":21}},"54":{"start":{"line":146,"column":28},"end":{"line":146,"column":36}},"55":{"start":{"line":147,"column":4},"end":{"line":150,"column":8}},"56":{"start":{"line":147,"column":25},"end":{"line":150,"column":5}},"57":{"start":{"line":152,"column":4},"end":{"line":157,"column":5}},"58":{"start":{"line":153,"column":6},"end":{"line":156,"column":10}},"59":{"start":{"line":153,"column":30},"end":{"line":156,"column":7}},"60":{"start":{"line":160,"column":31},"end":{"line":166,"column":3}},"61":{"start":{"line":168,"column":27},"end":{"line":185,"column":8}},"62":{"start":{"line":169,"column":4},"end":{"line":169,"column":30}},"63":{"start":{"line":169,"column":23},"end":{"line":169,"column":28}},"64":{"start":{"line":170,"column":4},"end":{"line":170,"column":17}},"65":{"start":{"line":171,"column":4},"end":{"line":175,"column":7}},"66":{"start":{"line":176,"column":4},"end":{"line":184,"column":8}},"67":{"start":{"line":176,"column":28},"end":{"line":184,"column":5}},"68":{"start":{"line":187,"column":41},"end":{"line":189,"column":8}},"69":{"start":{"line":188,"column":4},"end":{"line":188,"column":35}},"70":{"start":{"line":188,"column":28},"end":{"line":188,"column":33}},"71":{"start":{"line":191,"column":2},"end":{"line":431,"column":4}},"72":{"start":{"line":373,"column":24},"end":{"line":388,"column":35}}},"fnMap":{"0":{"name":"(anonymous_0)","decl":{"start":{"line":33,"column":18},"end":{"line":33,"column":19}},"loc":{"start":{"line":33,"column":24},"end":{"line":432,"column":1}},"line":33},"1":{"name":"(anonymous_1)","decl":{"start":{"line":59,"column":28},"end":{"line":59,"column":29}},"loc":{"start":{"line":59,"column":39},"end":{"line":64,"column":3}},"line":59},"2":{"name":"(anonymous_2)","decl":{"start":{"line":60,"column":16},"end":{"line":60,"column":17}},"loc":{"start":{"line":60,"column":31},"end":{"line":63,"column":5}},"line":60},"3":{"name":"(anonymous_3)","decl":{"start":{"line":67,"column":36},"end":{"line":67,"column":37}},"loc":{"start":{"line":67,"column":47},"end":{"line":70,"column":3}},"line":67},"4":{"name":"(anonymous_4)","decl":{"start":{"line":72,"column":39},"end":{"line":72,"column":40}},"loc":{"start":{"line":72,"column":53},"end":{"line":81,"column":3}},"line":72},"5":{"name":"(anonymous_5)","decl":{"start":{"line":73,"column":19},"end":{"line":73,"column":20}},"loc":{"start":{"line":73,"column":28},"end":{"line":80,"column":5}},"line":73},"6":{"name":"(anonymous_6)","decl":{"start":{"line":83,"column":12},"end":{"line":83,"column":13}},"loc":{"start":{"line":83,"column":18},"end":{"line":87,"column":3}},"line":83},"7":{"name":"(anonymous_7)","decl":{"start":{"line":89,"column":24},"end":{"line":89,"column":25}},"loc":{"start":{"line":89,"column":35},"end":{"line":92,"column":3}},"line":89},"8":{"name":"(anonymous_8)","decl":{"start":{"line":94,"column":23},"end":{"line":94,"column":24}},"loc":{"start":{"line":94,"column":36},"end":{"line":143,"column":3}},"line":94},"9":{"name":"(anonymous_9)","decl":{"start":{"line":104,"column":44},"end":{"line":104,"column":45}},"loc":{"start":{"line":104,"column":49},"end":{"line":104,"column":50}},"line":104},"10":{"name":"(anonymous_10)","decl":{"start":{"line":145,"column":40},"end":{"line":145,"column":41}},"loc":{"start":{"line":145,"column":47},"end":{"line":158,"column":3}},"line":145},"11":{"name":"(anonymous_11)","decl":{"start":{"line":147,"column":16},"end":{"line":147,"column":17}},"loc":{"start":{"line":147,"column":25},"end":{"line":150,"column":5}},"line":147},"12":{"name":"(anonymous_12)","decl":{"start":{"line":153,"column":21},"end":{"line":153,"column":22}},"loc":{"start":{"line":153,"column":30},"end":{"line":156,"column":7}},"line":153},"13":{"name":"(anonymous_13)","decl":{"start":{"line":168,"column":39},"end":{"line":168,"column":40}},"loc":{"start":{"line":168,"column":45},"end":{"line":185,"column":3}},"line":168},"14":{"name":"(anonymous_14)","decl":{"start":{"line":169,"column":15},"end":{"line":169,"column":16}},"loc":{"start":{"line":169,"column":23},"end":{"line":169,"column":28}},"line":169},"15":{"name":"(anonymous_15)","decl":{"start":{"line":176,"column":19},"end":{"line":176,"column":20}},"loc":{"start":{"line":176,"column":28},"end":{"line":184,"column":5}},"line":176},"16":{"name":"(anonymous_16)","decl":{"start":{"line":187,"column":53},"end":{"line":187,"column":54}},"loc":{"start":{"line":187,"column":59},"end":{"line":189,"column":3}},"line":187},"17":{"name":"(anonymous_17)","decl":{"start":{"line":188,"column":20},"end":{"line":188,"column":21}},"loc":{"start":{"line":188,"column":28},"end":{"line":188,"column":33}},"line":188},"18":{"name":"(anonymous_18)","decl":{"start":{"line":372,"column":48},"end":{"line":372,"column":49}},"loc":{"start":{"line":373,"column":24},"end":{"line":388,"column":35}},"line":373}},"branchMap":{"0":{"loc":{"start":{"line":84,"column":4},"end":{"line":86,"column":5}},"type":"if","locations":[{"start":{"line":84,"column":4},"end":{"line":86,"column":5}},{"start":{},"end":{}}],"line":84},"1":{"loc":{"start":{"line":98,"column":4},"end":{"line":101,"column":5}},"type":"if","locations":[{"start":{"line":98,"column":4},"end":{"line":101,"column":5}},{"start":{},"end":{}}],"line":98},"2":{"loc":{"start":{"line":103,"column":4},"end":{"line":123,"column":5}},"type":"if","locations":[{"start":{"line":103,"column":4},"end":{"line":123,"column":5}},{"start":{},"end":{}}],"line":103},"3":{"loc":{"start":{"line":104,"column":6},"end":{"line":107,"column":7}},"type":"if","locations":[{"start":{"line":104,"column":6},"end":{"line":107,"column":7}},{"start":{},"end":{}}],"line":104},"4":{"loc":{"start":{"line":109,"column":6},"end":{"line":112,"column":7}},"type":"if","locations":[{"start":{"line":109,"column":6},"end":{"line":112,"column":7}},{"start":{},"end":{}}],"line":109},"5":{"loc":{"start":{"line":114,"column":6},"end":{"line":117,"column":7}},"type":"if","locations":[{"start":{"line":114,"column":6},"end":{"line":117,"column":7}},{"start":{},"end":{}}],"line":114},"6":{"loc":{"start":{"line":114,"column":10},"end":{"line":114,"column":51}},"type":"binary-expr","locations":[{"start":{"line":114,"column":10},"end":{"line":114,"column":29}},{"start":{"line":114,"column":33},"end":{"line":114,"column":51}}],"line":114},"7":{"loc":{"start":{"line":119,"column":6},"end":{"line":122,"column":7}},"type":"if","locations":[{"start":{"line":119,"column":6},"end":{"line":122,"column":7}},{"start":{},"end":{}}],"line":119},"8":{"loc":{"start":{"line":128,"column":21},"end":{"line":130,"column":34}},"type":"cond-expr","locations":[{"start":{"line":129,"column":10},"end":{"line":129,"column":56}},{"start":{"line":130,"column":10},"end":{"line":130,"column":34}}],"line":128},"9":{"loc":{"start":{"line":132,"column":6},"end":{"line":136,"column":7}},"type":"if","locations":[{"start":{"line":132,"column":6},"end":{"line":136,"column":7}},{"start":{"line":134,"column":13},"end":{"line":136,"column":7}}],"line":132},"10":{"loc":{"start":{"line":135,"column":17},"end":{"line":135,"column":56}},"type":"binary-expr","locations":[{"start":{"line":135,"column":17},"end":{"line":135,"column":29}},{"start":{"line":135,"column":33},"end":{"line":135,"column":56}}],"line":135},"11":{"loc":{"start":{"line":152,"column":4},"end":{"line":157,"column":5}},"type":"if","locations":[{"start":{"line":152,"column":4},"end":{"line":157,"column":5}},{"start":{},"end":{}}],"line":152},"12":{"loc":{"start":{"line":219,"column":15},"end":{"line":219,"column":59}},"type":"cond-expr","locations":[{"start":{"line":219,"column":25},"end":{"line":219,"column":40}},{"start":{"line":219,"column":43},"end":{"line":219,"column":59}}],"line":219},"13":{"loc":{"start":{"line":222,"column":15},"end":{"line":224,"column":61}},"type":"cond-expr","locations":[{"start":{"line":223,"column":18},"end":{"line":223,"column":55}},{"start":{"line":224,"column":18},"end":{"line":224,"column":61}}],"line":222},"14":{"loc":{"start":{"line":230,"column":15},"end":{"line":234,"column":15}},"type":"binary-expr","locations":[{"start":{"line":230,"column":15},"end":{"line":230,"column":20}},{"start":{"line":231,"column":16},"end":{"line":233,"column":24}}],"line":230},"15":{"loc":{"start":{"line":236,"column":15},"end":{"line":273,"column":15}},"type":"binary-expr","locations":[{"start":{"line":236,"column":15},"end":{"line":236,"column":23}},{"start":{"line":237,"column":16},"end":{"line":272,"column":23}}],"line":236},"16":{"loc":{"start":{"line":283,"column":23},"end":{"line":283,"column":61}},"type":"binary-expr","locations":[{"start":{"line":283,"column":23},"end":{"line":283,"column":39}},{"start":{"line":283,"column":43},"end":{"line":283,"column":61}}],"line":283},"17":{"loc":{"start":{"line":285,"column":18},"end":{"line":287,"column":24}},"type":"cond-expr","locations":[{"start":{"line":286,"column":22},"end":{"line":286,"column":58}},{"start":{"line":287,"column":22},"end":{"line":287,"column":24}}],"line":285},"18":{"loc":{"start":{"line":285,"column":18},"end":{"line":285,"column":54}},"type":"binary-expr","locations":[{"start":{"line":285,"column":18},"end":{"line":285,"column":32}},{"start":{"line":285,"column":36},"end":{"line":285,"column":54}}],"line":285},"19":{"loc":{"start":{"line":298,"column":15},"end":{"line":320,"column":15}},"type":"binary-expr","locations":[{"start":{"line":298,"column":15},"end":{"line":298,"column":23}},{"start":{"line":299,"column":16},"end":{"line":318,"column":16}}],"line":298},"20":{"loc":{"start":{"line":325,"column":22},"end":{"line":325,"column":56}},"type":"cond-expr","locations":[{"start":{"line":325,"column":37},"end":{"line":325,"column":43}},{"start":{"line":325,"column":46},"end":{"line":325,"column":56}}],"line":325},"21":{"loc":{"start":{"line":338,"column":25},"end":{"line":338,"column":74}},"type":"cond-expr","locations":[{"start":{"line":338,"column":40},"end":{"line":338,"column":57}},{"start":{"line":338,"column":60},"end":{"line":338,"column":74}}],"line":338},"22":{"loc":{"start":{"line":345,"column":15},"end":{"line":393,"column":15}},"type":"binary-expr","locations":[{"start":{"line":345,"column":15},"end":{"line":345,"column":23}},{"start":{"line":346,"column":16},"end":{"line":392,"column":19}}],"line":345},"23":{"loc":{"start":{"line":356,"column":22},"end":{"line":357,"column":68}},"type":"binary-expr","locations":[{"start":{"line":356,"column":22},"end":{"line":356,"column":48}},{"start":{"line":357,"column":22},"end":{"line":357,"column":68}}],"line":356},"24":{"loc":{"start":{"line":360,"column":22},"end":{"line":363,"column":28}},"type":"cond-expr","locations":[{"start":{"line":362,"column":26},"end":{"line":362,"column":50}},{"start":{"line":363,"column":26},"end":{"line":363,"column":28}}],"line":360},"25":{"loc":{"start":{"line":360,"column":22},"end":{"line":361,"column":68}},"type":"binary-expr","locations":[{"start":{"line":360,"column":22},"end":{"line":360,"column":46}},{"start":{"line":361,"column":22},"end":{"line":361,"column":68}}],"line":360},"26":{"loc":{"start":{"line":375,"column":29},"end":{"line":379,"column":29}},"type":"cond-expr","locations":[{"start":{"line":376,"column":30},"end":{"line":376,"column":83}},{"start":{"line":378,"column":30},"end":{"line":378,"column":79}}],"line":375},"27":{"loc":{"start":{"line":384,"column":37},"end":{"line":384,"column":89}},"type":"cond-expr","locations":[{"start":{"line":384,"column":56},"end":{"line":384,"column":70}},{"start":{"line":384,"column":73},"end":{"line":384,"column":89}}],"line":384},"28":{"loc":{"start":{"line":410,"column":17},"end":{"line":414,"column":17}},"type":"cond-expr","locations":[{"start":{"line":411,"column":18},"end":{"line":411,"column":64}},{"start":{"line":413,"column":18},"end":{"line":413,"column":56}}],"line":410},"29":{"loc":{"start":{"line":413,"column":18},"end":{"line":413,"column":56}},"type":"cond-expr","locations":[{"start":{"line":413,"column":28},"end":{"line":413,"column":37}},{"start":{"line":413,"column":40},"end":{"line":413,"column":56}}],"line":413},"30":{"loc":{"start":{"line":422,"column":17},"end":{"line":424,"column":54}},"type":"cond-expr","locations":[{"start":{"line":423,"column":20},"end":{"line":423,"column":52}},{"start":{"line":424,"column":20},"end":{"line":424,"column":54}}],"line":422}},"s":{"0":2,"1":35,"2":34,"3":34,"4":34,"5":34,"6":34,"7":34,"8":34,"9":34,"10":1,"11":1,"12":34,"13":8,"14":8,"15":34,"16":4,"17":4,"18":34,"19":12,"20":4,"21":34,"22":1,"23":1,"24":34,"25":5,"26":5,"27":5,"28":2,"29":2,"30":3,"31":1,"32":6,"33":0,"34":0,"35":1,"36":0,"37":0,"38":1,"39":0,"40":0,"41":1,"42":0,"43":0,"44":3,"45":3,"46":3,"47":3,"48":0,"49":0,"50":3,"51":3,"52":3,"53":34,"54":11,"55":11,"56":11,"57":11,"58":3,"59":3,"60":34,"61":34,"62":3,"63":3,"64":3,"65":3,"66":3,"67":3,"68":34,"69":0,"70":0,"71":34,"72":80},"f":{"0":35,"1":1,"2":1,"3":8,"4":4,"5":4,"6":12,"7":1,"8":5,"9":6,"10":11,"11":11,"12":3,"13":3,"14":3,"15":3,"16":0,"17":0,"18":80},"b":{"0":[4,8],"1":[2,3],"2":[1,2],"3":[0,1],"4":[0,1],"5":[0,1],"6":[1,1],"7":[0,1],"8":[2,1],"9":[0,0],"10":[0,0],"11":[3,8],"12":[18,16],"13":[18,16],"14":[34,4],"15":[34,16],"16":[34,16],"17":[0,34],"18":[34,16],"19":[34,16],"20":[0,34],"21":[0,34],"22":[34,16],"23":[16,6],"24":[2,14],"25":[16,6],"26":[40,40],"27":[40,40],"28":[3,31],"29":[16,15],"30":[18,16]},"_coverageSchema":"1a1c01bbd47fc00a2c39e90264f33305004495a9","hash":"a78ddf9c283cd3c52d99036bdffc37fb2ddf9b1c"}
,"/Users/mitradatta/Desktop/Academics/520/520_Project/briefly/frontend/src/Dashboard.js": {"path":"/Users/mitradatta/Desktop/Academics/520/520_Project/briefly/frontend/src/Dashboard.js","statementMap":{"0":{"start":{"line":9,"column":18},"end":{"line":96,"column":1}},"1":{"start":{"line":10,"column":45},"end":{"line":10,"column":54}},"2":{"start":{"line":11,"column":36},"end":{"line":11,"column":48}},"3":{"start":{"line":12,"column":44},"end":{"line":12,"column":59}},"4":{"start":{"line":13,"column":32},"end":{"line":13,"column":46}},"5":{"start":{"line":14,"column":38},"end":{"line":14,"column":49}},"6":{"start":{"line":15,"column":48},"end":{"line":15,"column":62}},"7":{"start":{"line":17,"column":2},"end":{"line":36,"column":29}},"8":{"start":{"line":18,"column":27},"end":{"line":31,"column":5}},"9":{"start":{"line":19,"column":6},"end":{"line":19,"column":23}},"10":{"start":{"line":20,"column":6},"end":{"line":30,"column":7}},"11":{"start":{"line":21,"column":25},"end":{"line":21,"column":60}},"12":{"start":{"line":22,"column":8},"end":{"line":24,"column":9}},"13":{"start":{"line":23,"column":10},"end":{"line":23,"column":55}},"14":{"start":{"line":25,"column":8},"end":{"line":25,"column":38}},"15":{"start":{"line":27,"column":8},"end":{"line":27,"column":58}},"16":{"start":{"line":29,"column":8},"end":{"line":29,"column":26}},"17":{"start":{"line":33,"column":4},"end":{"line":35,"column":5}},"18":{"start":{"line":34,"column":6},"end":{"line":34,"column":23}},"19":{"start":{"line":38,"column":27},"end":{"line":53,"column":3}},"20":{"start":{"line":39,"column":4},"end":{"line":52,"column":5}},"21":{"start":{"line":40,"column":8},"end":{"line":40,"column":32}},"22":{"start":{"line":41,"column":25},"end":{"line":41,"column":60}},"23":{"start":{"line":42,"column":8},"end":{"line":44,"column":9}},"24":{"start":{"line":43,"column":12},"end":{"line":43,"column":57}},"25":{"start":{"line":46,"column":33},"end":{"line":46,"column":48}},"26":{"start":{"line":47,"column":8},"end":{"line":47,"column":39}},"27":{"start":{"line":48,"column":32},"end":{"line":48,"column":111}},"28":{"start":{"line":48,"column":67},"end":{"line":48,"column":110}},"29":{"start":{"line":49,"column":8},"end":{"line":49,"column":44}},"30":{"start":{"line":51,"column":8},"end":{"line":51,"column":56}},"31":{"start":{"line":55,"column":2},"end":{"line":69,"column":3}},"32":{"start":{"line":56,"column":4},"end":{"line":68,"column":6}},"33":{"start":{"line":71,"column":2},"end":{"line":95,"column":4}},"34":{"start":{"line":84,"column":35},"end":{"line":84,"column":57}},"35":{"start":{"line":90,"column":25},"end":{"line":90,"column":48}},"36":{"start":{"line":91,"column":33},"end":{"line":91,"column":58}}},"fnMap":{"0":{"name":"(anonymous_0)","decl":{"start":{"line":9,"column":18},"end":{"line":9,"column":19}},"loc":{"start":{"line":9,"column":24},"end":{"line":96,"column":1}},"line":9},"1":{"name":"(anonymous_1)","decl":{"start":{"line":17,"column":12},"end":{"line":17,"column":13}},"loc":{"start":{"line":17,"column":18},"end":{"line":36,"column":3}},"line":17},"2":{"name":"(anonymous_2)","decl":{"start":{"line":18,"column":27},"end":{"line":18,"column":28}},"loc":{"start":{"line":18,"column":39},"end":{"line":31,"column":5}},"line":18},"3":{"name":"(anonymous_3)","decl":{"start":{"line":38,"column":27},"end":{"line":38,"column":28}},"loc":{"start":{"line":38,"column":49},"end":{"line":53,"column":3}},"line":38},"4":{"name":"(anonymous_4)","decl":{"start":{"line":48,"column":54},"end":{"line":48,"column":55}},"loc":{"start":{"line":48,"column":67},"end":{"line":48,"column":110}},"line":48},"5":{"name":"(anonymous_5)","decl":{"start":{"line":84,"column":29},"end":{"line":84,"column":30}},"loc":{"start":{"line":84,"column":35},"end":{"line":84,"column":57}},"line":84},"6":{"name":"(anonymous_6)","decl":{"start":{"line":90,"column":19},"end":{"line":90,"column":20}},"loc":{"start":{"line":90,"column":25},"end":{"line":90,"column":48}},"line":90},"7":{"name":"(anonymous_7)","decl":{"start":{"line":91,"column":20},"end":{"line":91,"column":21}},"loc":{"start":{"line":91,"column":33},"end":{"line":91,"column":58}},"line":91}},"branchMap":{"0":{"loc":{"start":{"line":22,"column":8},"end":{"line":24,"column":9}},"type":"if","locations":[{"start":{"line":22,"column":8},"end":{"line":24,"column":9}},{"start":{},"end":{}}],"line":22},"1":{"loc":{"start":{"line":33,"column":4},"end":{"line":35,"column":5}},"type":"if","locations":[{"start":{"line":33,"column":4},"end":{"line":35,"column":5}},{"start":{},"end":{}}],"line":33},"2":{"loc":{"start":{"line":42,"column":8},"end":{"line":44,"column":9}},"type":"if","locations":[{"start":{"line":42,"column":8},"end":{"line":44,"column":9}},{"start":{},"end":{}}],"line":42},"3":{"loc":{"start":{"line":55,"column":2},"end":{"line":69,"column":3}},"type":"if","locations":[{"start":{"line":55,"column":2},"end":{"line":69,"column":3}},{"start":{},"end":{}}],"line":55},"4":{"loc":{"start":{"line":55,"column":6},"end":{"line":55,"column":28}},"type":"binary-expr","locations":[{"start":{"line":55,"column":6},"end":{"line":55,"column":17}},{"start":{"line":55,"column":21},"end":{"line":55,"column":28}}],"line":55}},"s":{"0":2,"1":11,"2":11,"3":10,"4":10,"5":10,"6":10,"7":10,"8":6,"9":6,"10":6,"11":6,"12":5,"13":0,"14":3,"15":3,"16":6,"17":6,"18":6,"19":10,"20":0,"21":0,"22":0,"23":0,"24":0,"25":0,"26":0,"27":0,"28":0,"29":0,"30":0,"31":10,"32":6,"33":4,"34":0,"35":0,"36":0},"f":{"0":11,"1":6,"2":6,"3":0,"4":0,"5":0,"6":0,"7":0},"b":{"0":[0,3],"1":[6,0],"2":[0,0],"3":[6,4],"4":[10,9]},"_coverageSchema":"1a1c01bbd47fc00a2c39e90264f33305004495a9","hash":"ffb601a260f35934e8ce8e49755a956770908ade"}
,"/Users/mitradatta/Desktop/Academics/520/520_Project/briefly/frontend/src/RequestService.js": {"path":"/Users/mitradatta/Desktop/Academics/520/520_Project/briefly/frontend/src/RequestService.js","statementMap":{"0":{"start":{"line":3,"column":21},"end":{"line":3,"column":44}},"1":{"start":{"line":5,"column":26},"end":{"line":13,"column":1}},"2":{"start":{"line":6,"column":2},"end":{"line":12,"column":3}},"3":{"start":{"line":7,"column":21},"end":{"line":7,"column":78}},"4":{"start":{"line":8,"column":4},"end":{"line":8,"column":25}},"5":{"start":{"line":10,"column":4},"end":{"line":10,"column":81}},"6":{"start":{"line":11,"column":4},"end":{"line":11,"column":56}},"7":{"start":{"line":15,"column":26},"end":{"line":23,"column":1}},"8":{"start":{"line":16,"column":2},"end":{"line":22,"column":3}},"9":{"start":{"line":17,"column":21},"end":{"line":17,"column":78}},"10":{"start":{"line":18,"column":4},"end":{"line":18,"column":25}},"11":{"start":{"line":20,"column":4},"end":{"line":20,"column":82}},"12":{"start":{"line":21,"column":4},"end":{"line":21,"column":57}},"13":{"start":{"line":25,"column":32},"end":{"line":39,"column":1}},"14":{"start":{"line":26,"column":2},"end":{"line":38,"column":3}},"15":{"start":{"line":27,"column":18},"end":{"line":27,"column":52}},"16":{"start":{"line":28,"column":21},"end":{"line":33,"column":6}},"17":{"start":{"line":34,"column":4},"end":{"line":34,"column":25}},"18":{"start":{"line":36,"column":4},"end":{"line":36,"column":86}},"19":{"start":{"line":37,"column":4},"end":{"line":37,"column":61}},"20":{"start":{"line":41,"column":33},"end":{"line":61,"column":1}},"21":{"start":{"line":42,"column":2},"end":{"line":60,"column":3}},"22":{"start":{"line":43,"column":18},"end":{"line":43,"column":52}},"23":{"start":{"line":45,"column":20},"end":{"line":48,"column":5}},"24":{"start":{"line":50,"column":21},"end":{"line":54,"column":5}},"25":{"start":{"line":56,"column":4},"end":{"line":56,"column":25}},"26":{"start":{"line":58,"column":4},"end":{"line":58,"column":89}},"27":{"start":{"line":59,"column":4},"end":{"line":59,"column":64}},"28":{"start":{"line":63,"column":33},"end":{"line":88,"column":1}},"29":{"start":{"line":64,"column":2},"end":{"line":87,"column":3}},"30":{"start":{"line":65,"column":18},"end":{"line":65,"column":52}},"31":{"start":{"line":67,"column":21},"end":{"line":67,"column":35}},"32":{"start":{"line":68,"column":4},"end":{"line":68,"column":47}},"33":{"start":{"line":69,"column":4},"end":{"line":69,"column":43}},"34":{"start":{"line":70,"column":4},"end":{"line":70,"column":55}},"35":{"start":{"line":71,"column":4},"end":{"line":71,"column":50}},"36":{"start":{"line":73,"column":20},"end":{"line":75,"column":5}},"37":{"start":{"line":77,"column":21},"end":{"line":81,"column":5}},"38":{"start":{"line":83,"column":4},"end":{"line":83,"column":25}},"39":{"start":{"line":85,"column":4},"end":{"line":85,"column":89}},"40":{"start":{"line":86,"column":4},"end":{"line":86,"column":64}},"41":{"start":{"line":90,"column":33},"end":{"line":104,"column":1}},"42":{"start":{"line":91,"column":2},"end":{"line":103,"column":3}},"43":{"start":{"line":92,"column":18},"end":{"line":92,"column":52}},"44":{"start":{"line":93,"column":21},"end":{"line":98,"column":6}},"45":{"start":{"line":99,"column":4},"end":{"line":99,"column":20}},"46":{"start":{"line":101,"column":4},"end":{"line":101,"column":84}},"47":{"start":{"line":102,"column":4},"end":{"line":102,"column":59}},"48":{"start":{"line":106,"column":37},"end":{"line":126,"column":1}},"49":{"start":{"line":107,"column":2},"end":{"line":125,"column":3}},"50":{"start":{"line":108,"column":18},"end":{"line":108,"column":52}},"51":{"start":{"line":110,"column":20},"end":{"line":113,"column":5}},"52":{"start":{"line":115,"column":21},"end":{"line":119,"column":5}},"53":{"start":{"line":121,"column":4},"end":{"line":121,"column":25}},"54":{"start":{"line":123,"column":4},"end":{"line":123,"column":89}},"55":{"start":{"line":124,"column":4},"end":{"line":124,"column":64}},"56":{"start":{"line":129,"column":28},"end":{"line":155,"column":1}},"57":{"start":{"line":130,"column":2},"end":{"line":154,"column":3}},"58":{"start":{"line":131,"column":18},"end":{"line":131,"column":52}},"59":{"start":{"line":132,"column":4},"end":{"line":135,"column":7}},"60":{"start":{"line":136,"column":21},"end":{"line":148,"column":5}},"61":{"start":{"line":150,"column":4},"end":{"line":150,"column":25}},"62":{"start":{"line":152,"column":4},"end":{"line":152,"column":83}},"63":{"start":{"line":153,"column":4},"end":{"line":153,"column":58}},"64":{"start":{"line":158,"column":38},"end":{"line":173,"column":1}},"65":{"start":{"line":159,"column":2},"end":{"line":172,"column":3}},"66":{"start":{"line":160,"column":18},"end":{"line":160,"column":52}},"67":{"start":{"line":161,"column":21},"end":{"line":166,"column":6}},"68":{"start":{"line":167,"column":4},"end":{"line":167,"column":69}},"69":{"start":{"line":168,"column":4},"end":{"line":168,"column":25}},"70":{"start":{"line":170,"column":4},"end":{"line":170,"column":93}},"71":{"start":{"line":171,"column":4},"end":{"line":171,"column":68}},"72":{"start":{"line":175,"column":30},"end":{"line":189,"column":1}},"73":{"start":{"line":176,"column":2},"end":{"line":188,"column":3}},"74":{"start":{"line":177,"column":18},"end":{"line":177,"column":52}},"75":{"start":{"line":178,"column":21},"end":{"line":183,"column":6}},"76":{"start":{"line":184,"column":4},"end":{"line":184,"column":25}},"77":{"start":{"line":186,"column":4},"end":{"line":186,"column":93}},"78":{"start":{"line":187,"column":4},"end":{"line":187,"column":68}},"79":{"start":{"line":191,"column":28},"end":{"line":210,"column":1}},"80":{"start":{"line":192,"column":2},"end":{"line":209,"column":3}},"81":{"start":{"line":193,"column":18},"end":{"line":193,"column":52}},"82":{"start":{"line":196,"column":21},"end":{"line":201,"column":6}},"83":{"start":{"line":204,"column":17},"end":{"line":204,"column":86}},"84":{"start":{"line":205,"column":4},"end":{"line":205,"column":15}},"85":{"start":{"line":207,"column":4},"end":{"line":207,"column":96}},"86":{"start":{"line":208,"column":4},"end":{"line":208,"column":71}}},"fnMap":{"0":{"name":"(anonymous_0)","decl":{"start":{"line":5,"column":26},"end":{"line":5,"column":27}},"loc":{"start":{"line":5,"column":46},"end":{"line":13,"column":1}},"line":5},"1":{"name":"(anonymous_1)","decl":{"start":{"line":15,"column":26},"end":{"line":15,"column":27}},"loc":{"start":{"line":15,"column":46},"end":{"line":23,"column":1}},"line":15},"2":{"name":"(anonymous_2)","decl":{"start":{"line":25,"column":32},"end":{"line":25,"column":33}},"loc":{"start":{"line":25,"column":50},"end":{"line":39,"column":1}},"line":25},"3":{"name":"(anonymous_3)","decl":{"start":{"line":41,"column":33},"end":{"line":41,"column":34}},"loc":{"start":{"line":41,"column":53},"end":{"line":61,"column":1}},"line":41},"4":{"name":"(anonymous_4)","decl":{"start":{"line":63,"column":33},"end":{"line":63,"column":34}},"loc":{"start":{"line":63,"column":53},"end":{"line":88,"column":1}},"line":63},"5":{"name":"(anonymous_5)","decl":{"start":{"line":90,"column":33},"end":{"line":90,"column":34}},"loc":{"start":{"line":90,"column":54},"end":{"line":104,"column":1}},"line":90},"6":{"name":"(anonymous_6)","decl":{"start":{"line":106,"column":37},"end":{"line":106,"column":38}},"loc":{"start":{"line":106,"column":60},"end":{"line":126,"column":1}},"line":106},"7":{"name":"(anonymous_7)","decl":{"start":{"line":129,"column":28},"end":{"line":129,"column":29}},"loc":{"start":{"line":129,"column":60},"end":{"line":155,"column":1}},"line":129},"8":{"name":"(anonymous_8)","decl":{"start":{"line":158,"column":38},"end":{"line":158,"column":39}},"loc":{"start":{"line":158,"column":56},"end":{"line":173,"column":1}},"line":158},"9":{"name":"(anonymous_9)","decl":{"start":{"line":175,"column":30},"end":{"line":175,"column":31}},"loc":{"start":{"line":175,"column":51},"end":{"line":189,"column":1}},"line":175},"10":{"name":"(anonymous_10)","decl":{"start":{"line":191,"column":28},"end":{"line":191,"column":29}},"loc":{"start":{"line":191,"column":46},"end":{"line":210,"column":1}},"line":191}},"branchMap":{"0":{"loc":{"start":{"line":10,"column":42},"end":{"line":10,"column":79}},"type":"binary-expr","locations":[{"start":{"line":10,"column":42},"end":{"line":10,"column":62}},{"start":{"line":10,"column":66},"end":{"line":10,"column":79}}],"line":10},"1":{"loc":{"start":{"line":11,"column":10},"end":{"line":11,"column":55}},"type":"binary-expr","locations":[{"start":{"line":11,"column":10},"end":{"line":11,"column":30}},{"start":{"line":11,"column":34},"end":{"line":11,"column":55}}],"line":11},"2":{"loc":{"start":{"line":20,"column":43},"end":{"line":20,"column":80}},"type":"binary-expr","locations":[{"start":{"line":20,"column":43},"end":{"line":20,"column":63}},{"start":{"line":20,"column":67},"end":{"line":20,"column":80}}],"line":20},"3":{"loc":{"start":{"line":21,"column":10},"end":{"line":21,"column":56}},"type":"binary-expr","locations":[{"start":{"line":21,"column":10},"end":{"line":21,"column":30}},{"start":{"line":21,"column":34},"end":{"line":21,"column":56}}],"line":21},"4":{"loc":{"start":{"line":36,"column":47},"end":{"line":36,"column":84}},"type":"binary-expr","locations":[{"start":{"line":36,"column":47},"end":{"line":36,"column":67}},{"start":{"line":36,"column":71},"end":{"line":36,"column":84}}],"line":36},"5":{"loc":{"start":{"line":37,"column":10},"end":{"line":37,"column":60}},"type":"binary-expr","locations":[{"start":{"line":37,"column":10},"end":{"line":37,"column":30}},{"start":{"line":37,"column":34},"end":{"line":37,"column":60}}],"line":37},"6":{"loc":{"start":{"line":58,"column":50},"end":{"line":58,"column":87}},"type":"binary-expr","locations":[{"start":{"line":58,"column":50},"end":{"line":58,"column":70}},{"start":{"line":58,"column":74},"end":{"line":58,"column":87}}],"line":58},"7":{"loc":{"start":{"line":59,"column":10},"end":{"line":59,"column":63}},"type":"binary-expr","locations":[{"start":{"line":59,"column":10},"end":{"line":59,"column":30}},{"start":{"line":59,"column":34},"end":{"line":59,"column":63}}],"line":59},"8":{"loc":{"start":{"line":85,"column":50},"end":{"line":85,"column":87}},"type":"binary-expr","locations":[{"start":{"line":85,"column":50},"end":{"line":85,"column":70}},{"start":{"line":85,"column":74},"end":{"line":85,"column":87}}],"line":85},"9":{"loc":{"start":{"line":86,"column":10},"end":{"line":86,"column":63}},"type":"binary-expr","locations":[{"start":{"line":86,"column":10},"end":{"line":86,"column":30}},{"start":{"line":86,"column":34},"end":{"line":86,"column":63}}],"line":86},"10":{"loc":{"start":{"line":101,"column":45},"end":{"line":101,"column":82}},"type":"binary-expr","locations":[{"start":{"line":101,"column":45},"end":{"line":101,"column":65}},{"start":{"line":101,"column":69},"end":{"line":101,"column":82}}],"line":101},"11":{"loc":{"start":{"line":102,"column":10},"end":{"line":102,"column":58}},"type":"binary-expr","locations":[{"start":{"line":102,"column":10},"end":{"line":102,"column":30}},{"start":{"line":102,"column":34},"end":{"line":102,"column":58}}],"line":102},"12":{"loc":{"start":{"line":123,"column":50},"end":{"line":123,"column":87}},"type":"binary-expr","locations":[{"start":{"line":123,"column":50},"end":{"line":123,"column":70}},{"start":{"line":123,"column":74},"end":{"line":123,"column":87}}],"line":123},"13":{"loc":{"start":{"line":124,"column":10},"end":{"line":124,"column":63}},"type":"binary-expr","locations":[{"start":{"line":124,"column":10},"end":{"line":124,"column":30}},{"start":{"line":124,"column":34},"end":{"line":124,"column":63}}],"line":124},"14":{"loc":{"start":{"line":152,"column":44},"end":{"line":152,"column":81}},"type":"binary-expr","locations":[{"start":{"line":152,"column":44},"end":{"line":152,"column":64}},{"start":{"line":152,"column":68},"end":{"line":152,"column":81}}],"line":152},"15":{"loc":{"start":{"line":153,"column":10},"end":{"line":153,"column":57}},"type":"binary-expr","locations":[{"start":{"line":153,"column":10},"end":{"line":153,"column":30}},{"start":{"line":153,"column":34},"end":{"line":153,"column":57}}],"line":153},"16":{"loc":{"start":{"line":170,"column":54},"end":{"line":170,"column":91}},"type":"binary-expr","locations":[{"start":{"line":170,"column":54},"end":{"line":170,"column":74}},{"start":{"line":170,"column":78},"end":{"line":170,"column":91}}],"line":170},"17":{"loc":{"start":{"line":171,"column":10},"end":{"line":171,"column":67}},"type":"binary-expr","locations":[{"start":{"line":171,"column":10},"end":{"line":171,"column":30}},{"start":{"line":171,"column":34},"end":{"line":171,"column":67}}],"line":171},"18":{"loc":{"start":{"line":186,"column":54},"end":{"line":186,"column":91}},"type":"binary-expr","locations":[{"start":{"line":186,"column":54},"end":{"line":186,"column":74}},{"start":{"line":186,"column":78},"end":{"line":186,"column":91}}],"line":186},"19":{"loc":{"start":{"line":187,"column":10},"end":{"line":187,"column":67}},"type":"binary-expr","locations":[{"start":{"line":187,"column":10},"end":{"line":187,"column":30}},{"start":{"line":187,"column":34},"end":{"line":187,"column":67}}],"line":187},"20":{"loc":{"start":{"line":207,"column":57},"end":{"line":207,"column":94}},"type":"binary-expr","locations":[{"start":{"line":207,"column":57},"end":{"line":207,"column":77}},{"start":{"line":207,"column":81},"end":{"line":207,"column":94}}],"line":207},"21":{"loc":{"start":{"line":208,"column":10},"end":{"line":208,"column":70}},"type":"binary-expr","locations":[{"start":{"line":208,"column":10},"end":{"line":208,"column":30}},{"start":{"line":208,"column":34},"end":{"line":208,"column":70}}],"line":208}},"s":{"0":0,"1":0,"2":0,"3":0,"4":0,"5":0,"6":0,"7":0,"8":0,"9":0,"10":0,"11":0,"12":0,"13":0,"14":0,"15":0,"16":0,"17":0,"18":0,"19":0,"20":0,"21":0,"22":0,"23":0,"24":0,"25":0,"26":0,"27":0,"28":0,"29":0,"30":0,"31":0,"32":0,"33":0,"34":0,"35":0,"36":0,"37":0,"38":0,"39":0,"40":0,"41":0,"42":0,"43":0,"44":0,"45":0,"46":0,"47":0,"48":0,"49":0,"50":0,"51":0,"52":0,"53":0,"54":0,"55":0,"56":0,"57":0,"58":0,"59":0,"60":0,"61":0,"62":0,"63":0,"64":0,"65":0,"66":0,"67":0,"68":0,"69":0,"70":0,"71":0,"72":0,"73":0,"74":0,"75":0,"76":0,"77":0,"78":0,"79":0,"80":0,"81":0,"82":0,"83":0,"84":0,"85":0,"86":0},"f":{"0":0,"1":0,"2":0,"3":0,"4":0,"5":0,"6":0,"7":0,"8":0,"9":0,"10":0},"b":{"0":[0,0],"1":[0,0],"2":[0,0],"3":[0,0],"4":[0,0],"5":[0,0],"6":[0,0],"7":[0,0],"8":[0,0],"9":[0,0],"10":[0,0],"11":[0,0],"12":[0,0],"13":[0,0],"14":[0,0],"15":[0,0],"16":[0,0],"17":[0,0],"18":[0,0],"19":[0,0],"20":[0,0],"21":[0,0]}}
}
