TN:
SF:src/App.js
FN:12,(anonymous_0)
FN:19,(anonymous_1)
FN:48,(anonymous_2)
FN:67,(anonymous_3)
FN:76,(anonymous_4)
FN:118,(anonymous_5)
FN:140,(anonymous_6)
FN:148,(anonymous_7)
FN:152,(anonymous_8)
FN:178,App
FNF:10
FNH:4
FNDA:10,(anonymous_0)
FNDA:0,(anonymous_1)
FNDA:0,(anonymous_2)
FNDA:5,(anonymous_3)
FNDA:5,(anonymous_4)
FNDA:5,(anonymous_5)
FNDA:0,(anonymous_6)
FNDA:0,(anonymous_7)
FNDA:0,(anonymous_8)
FNDA:0,App
DA:10,2
DA:12,2
DA:13,10
DA:14,10
DA:15,10
DA:16,10
DA:17,10
DA:19,10
DA:20,0
DA:21,0
DA:22,0
DA:24,0
DA:26,0
DA:27,0
DA:28,0
DA:30,0
DA:31,0
DA:33,0
DA:36,0
DA:38,0
DA:39,0
DA:44,0
DA:48,10
DA:49,0
DA:50,0
DA:51,0
DA:53,0
DA:54,0
DA:57,0
DA:58,0
DA:63,0
DA:67,10
DA:68,5
DA:69,5
DA:70,5
DA:71,5
DA:72,5
DA:73,5
DA:76,10
DA:77,5
DA:78,5
DA:79,5
DA:81,5
DA:82,5
DA:85,0
DA:87,0
DA:88,0
DA:91,0
DA:92,0
DA:93,0
DA:95,0
DA:96,0
DA:97,0
DA:98,0
DA:100,0
DA:101,0
DA:103,0
DA:106,0
DA:107,0
DA:111,5
DA:112,5
DA:114,5
DA:118,10
DA:119,5
DA:122,10
DA:140,2
DA:141,0
DA:142,0
DA:143,0
DA:145,0
DA:148,2
DA:149,0
DA:150,0
DA:152,0
DA:153,0
DA:154,0
DA:158,0
DA:159,0
DA:175,0
DA:179,0
LF:80
LH:30
BRDA:26,0,0,0
BRDA:26,0,1,0
BRDA:38,1,0,0
BRDA:38,1,1,0
BRDA:41,2,0,0
BRDA:41,2,1,0
BRDA:57,3,0,0
BRDA:57,3,1,0
BRDA:60,4,0,0
BRDA:60,4,1,0
BRDA:81,5,0,5
BRDA:81,5,1,0
BRDA:81,6,0,5
BRDA:81,6,1,0
BRDA:87,7,0,0
BRDA:87,7,1,0
BRDA:100,8,0,0
BRDA:100,8,1,0
BRDA:100,9,0,0
BRDA:100,9,1,0
BRDA:101,10,0,0
BRDA:101,10,1,0
BRDA:142,11,0,0
BRDA:142,11,1,0
BRDA:153,12,0,0
BRDA:153,12,1,0
BRDA:153,13,0,0
BRDA:153,13,1,0
BRDA:158,14,0,0
BRDA:158,14,1,0
BRDA:175,15,0,0
BRDA:175,15,1,0
BRF:32
BRH:2
end_of_record
TN:
SF:src/AuthForms.js
FN:33,(anonymous_0)
FN:59,(anonymous_1)
FN:60,(anonymous_2)
FN:67,(anonymous_3)
FN:72,(anonymous_4)
FN:73,(anonymous_5)
FN:83,(anonymous_6)
FN:89,(anonymous_7)
FN:94,(anonymous_8)
FN:104,(anonymous_9)
FN:145,(anonymous_10)
FN:147,(anonymous_11)
FN:153,(anonymous_12)
FN:168,(anonymous_13)
FN:169,(anonymous_14)
FN:176,(anonymous_15)
FN:187,(anonymous_16)
FN:188,(anonymous_17)
FN:372,(anonymous_18)
FNF:19
FNH:17
FNDA:35,(anonymous_0)
FNDA:1,(anonymous_1)
FNDA:1,(anonymous_2)
FNDA:8,(anonymous_3)
FNDA:4,(anonymous_4)
FNDA:4,(anonymous_5)
FNDA:12,(anonymous_6)
FNDA:1,(anonymous_7)
FNDA:5,(anonymous_8)
FNDA:6,(anonymous_9)
FNDA:11,(anonymous_10)
FNDA:11,(anonymous_11)
FNDA:3,(anonymous_12)
FNDA:3,(anonymous_13)
FNDA:3,(anonymous_14)
FNDA:3,(anonymous_15)
FNDA:0,(anonymous_16)
FNDA:0,(anonymous_17)
FNDA:80,(anonymous_18)
DA:33,2
DA:34,35
DA:35,34
DA:37,34
DA:38,34
DA:39,34
DA:40,34
DA:41,34
DA:50,34
DA:59,34
DA:60,1
DA:67,34
DA:68,8
DA:69,8
DA:72,34
DA:73,4
DA:83,34
DA:84,12
DA:85,4
DA:89,34
DA:90,1
DA:91,1
DA:94,34
DA:95,5
DA:96,5
DA:98,5
DA:99,2
DA:100,2
DA:103,3
DA:104,6
DA:105,0
DA:106,0
DA:109,1
DA:110,0
DA:111,0
DA:114,1
DA:115,0
DA:116,0
DA:119,1
DA:120,0
DA:121,0
DA:125,3
DA:127,3
DA:128,3
DA:132,3
DA:133,0
DA:135,0
DA:138,3
DA:139,3
DA:141,3
DA:145,34
DA:146,11
DA:147,11
DA:152,11
DA:153,3
DA:160,34
DA:168,34
DA:169,3
DA:170,3
DA:171,3
DA:176,3
DA:187,34
DA:188,0
DA:191,34
DA:373,80
LF:65
LH:54
BRDA:84,0,0,4
BRDA:84,0,1,8
BRDA:98,1,0,2
BRDA:98,1,1,3
BRDA:103,2,0,1
BRDA:103,2,1,2
BRDA:104,3,0,0
BRDA:104,3,1,1
BRDA:109,4,0,0
BRDA:109,4,1,1
BRDA:114,5,0,0
BRDA:114,5,1,1
BRDA:114,6,0,1
BRDA:114,6,1,1
BRDA:119,7,0,0
BRDA:119,7,1,1
BRDA:128,8,0,2
BRDA:128,8,1,1
BRDA:132,9,0,0
BRDA:132,9,1,0
BRDA:135,10,0,0
BRDA:135,10,1,0
BRDA:152,11,0,3
BRDA:152,11,1,8
BRDA:219,12,0,18
BRDA:219,12,1,16
BRDA:222,13,0,18
BRDA:222,13,1,16
BRDA:230,14,0,34
BRDA:230,14,1,4
BRDA:236,15,0,34
BRDA:236,15,1,16
BRDA:283,16,0,34
BRDA:283,16,1,16
BRDA:285,17,0,0
BRDA:285,17,1,34
BRDA:285,18,0,34
BRDA:285,18,1,16
BRDA:298,19,0,34
BRDA:298,19,1,16
BRDA:325,20,0,0
BRDA:325,20,1,34
BRDA:338,21,0,0
BRDA:338,21,1,34
BRDA:345,22,0,34
BRDA:345,22,1,16
BRDA:356,23,0,16
BRDA:356,23,1,6
BRDA:360,24,0,2
BRDA:360,24,1,14
BRDA:360,25,0,16
BRDA:360,25,1,6
BRDA:375,26,0,40
BRDA:375,26,1,40
BRDA:384,27,0,40
BRDA:384,27,1,40
BRDA:410,28,0,3
BRDA:410,28,1,31
BRDA:413,29,0,16
BRDA:413,29,1,15
BRDA:422,30,0,18
BRDA:422,30,1,16
BRF:62
BRH:51
end_of_record
TN:
SF:src/Dashboard.js
FN:9,(anonymous_0)
FN:17,(anonymous_1)
FN:18,(anonymous_2)
FN:38,(anonymous_3)
FN:48,(anonymous_4)
FN:84,(anonymous_5)
FN:90,(anonymous_6)
FN:91,(anonymous_7)
FNF:8
FNH:3
FNDA:11,(anonymous_0)
FNDA:6,(anonymous_1)
FNDA:6,(anonymous_2)
FNDA:0,(anonymous_3)
FNDA:0,(anonymous_4)
FNDA:0,(anonymous_5)
FNDA:0,(anonymous_6)
FNDA:0,(anonymous_7)
DA:9,2
DA:10,11
DA:11,11
DA:12,10
DA:13,10
DA:14,10
DA:15,10
DA:17,10
DA:18,6
DA:19,6
DA:20,6
DA:21,6
DA:22,5
DA:23,0
DA:25,3
DA:27,3
DA:29,6
DA:33,6
DA:34,6
DA:38,10
DA:39,0
DA:40,0
DA:41,0
DA:42,0
DA:43,0
DA:46,0
DA:47,0
DA:48,0
DA:49,0
DA:51,0
DA:55,10
DA:56,6
DA:71,4
DA:84,0
DA:90,0
DA:91,0
LF:36
LH:22
BRDA:22,0,0,0
BRDA:22,0,1,3
BRDA:33,1,0,6
BRDA:33,1,1,0
BRDA:42,2,0,0
BRDA:42,2,1,0
BRDA:55,3,0,6
BRDA:55,3,1,4
BRDA:55,4,0,10
BRDA:55,4,1,9
BRF:10
BRH:6
end_of_record
TN:
SF:src/RequestService.js
FN:5,(anonymous_0)
FN:15,(anonymous_1)
FN:25,(anonymous_2)
FN:41,(anonymous_3)
FN:63,(anonymous_4)
FN:90,(anonymous_5)
FN:106,(anonymous_6)
FN:129,(anonymous_7)
FN:158,(anonymous_8)
FN:175,(anonymous_9)
FN:191,(anonymous_10)
FNF:11
FNH:0
FNDA:0,(anonymous_0)
FNDA:0,(anonymous_1)
FNDA:0,(anonymous_2)
FNDA:0,(anonymous_3)
FNDA:0,(anonymous_4)
FNDA:0,(anonymous_5)
FNDA:0,(anonymous_6)
FNDA:0,(anonymous_7)
FNDA:0,(anonymous_8)
FNDA:0,(anonymous_9)
FNDA:0,(anonymous_10)
DA:3,0
DA:5,0
DA:6,0
DA:7,0
DA:8,0
DA:10,0
DA:11,0
DA:15,0
DA:16,0
DA:17,0
DA:18,0
DA:20,0
DA:21,0
DA:25,0
DA:26,0
DA:27,0
DA:28,0
DA:34,0
DA:36,0
DA:37,0
DA:41,0
DA:42,0
DA:43,0
DA:45,0
DA:50,0
DA:56,0
DA:58,0
DA:59,0
DA:63,0
DA:64,0
DA:65,0
DA:67,0
DA:68,0
DA:69,0
DA:70,0
DA:71,0
DA:73,0
DA:77,0
DA:83,0
DA:85,0
DA:86,0
DA:90,0
DA:91,0
DA:92,0
DA:93,0
DA:99,0
DA:101,0
DA:102,0
DA:106,0
DA:107,0
DA:108,0
DA:110,0
DA:115,0
DA:121,0
DA:123,0
DA:124,0
DA:129,0
DA:130,0
DA:131,0
DA:132,0
DA:136,0
DA:150,0
DA:152,0
DA:153,0
DA:158,0
DA:159,0
DA:160,0
DA:161,0
DA:167,0
DA:168,0
DA:170,0
DA:171,0
DA:175,0
DA:176,0
DA:177,0
DA:178,0
DA:184,0
DA:186,0
DA:187,0
DA:191,0
DA:192,0
DA:193,0
DA:196,0
DA:204,0
DA:205,0
DA:207,0
DA:208,0
LF:87
LH:0
BRDA:10,0,0,0
BRDA:10,0,1,0
BRDA:11,1,0,0
BRDA:11,1,1,0
BRDA:20,2,0,0
BRDA:20,2,1,0
BRDA:21,3,0,0
BRDA:21,3,1,0
BRDA:36,4,0,0
BRDA:36,4,1,0
BRDA:37,5,0,0
BRDA:37,5,1,0
BRDA:58,6,0,0
BRDA:58,6,1,0
BRDA:59,7,0,0
BRDA:59,7,1,0
BRDA:85,8,0,0
BRDA:85,8,1,0
BRDA:86,9,0,0
BRDA:86,9,1,0
BRDA:101,10,0,0
BRDA:101,10,1,0
BRDA:102,11,0,0
BRDA:102,11,1,0
BRDA:123,12,0,0
BRDA:123,12,1,0
BRDA:124,13,0,0
BRDA:124,13,1,0
BRDA:152,14,0,0
BRDA:152,14,1,0
BRDA:153,15,0,0
BRDA:153,15,1,0
BRDA:170,16,0,0
BRDA:170,16,1,0
BRDA:171,17,0,0
BRDA:171,17,1,0
BRDA:186,18,0,0
BRDA:186,18,1,0
BRDA:187,19,0,0
BRDA:187,19,1,0
BRDA:207,20,0,0
BRDA:207,20,1,0
BRDA:208,21,0,0
BRDA:208,21,1,0
BRF:44
BRH:0
end_of_record
