TN:
SF:src/App.js
FN:12,(anonymous_0)
FN:19,(anonymous_1)
FN:48,(anonymous_2)
FN:67,(anonymous_3)
FN:76,(anonymous_4)
FN:118,(anonymous_5)
FN:140,(anonymous_6)
FN:148,(anonymous_7)
FN:152,(anonymous_8)
FN:178,App
FNF:10
FNH:4
FNDA:10,(anonymous_0)
FNDA:0,(anonymous_1)
FNDA:0,(anonymous_2)
FNDA:5,(anonymous_3)
FNDA:5,(anonymous_4)
FNDA:5,(anonymous_5)
FNDA:0,(anonymous_6)
FNDA:0,(anonymous_7)
FNDA:0,(anonymous_8)
FNDA:0,App
DA:10,2
DA:12,2
DA:13,10
DA:14,10
DA:15,10
DA:16,10
DA:17,10
DA:19,10
DA:20,0
DA:21,0
DA:22,0
DA:24,0
DA:26,0
DA:27,0
DA:28,0
DA:30,0
DA:31,0
DA:33,0
DA:36,0
DA:38,0
DA:39,0
DA:44,0
DA:48,10
DA:49,0
DA:50,0
DA:51,0
DA:53,0
DA:54,0
DA:57,0
DA:58,0
DA:63,0
DA:67,10
DA:68,5
DA:69,5
DA:70,5
DA:71,5
DA:72,5
DA:73,5
DA:76,10
DA:77,5
DA:78,5
DA:79,5
DA:81,5
DA:82,5
DA:85,0
DA:87,0
DA:88,0
DA:91,0
DA:92,0
DA:93,0
DA:95,0
DA:96,0
DA:97,0
DA:98,0
DA:100,0
DA:101,0
DA:103,0
DA:106,0
DA:107,0
DA:111,5
DA:112,5
DA:114,5
DA:118,10
DA:119,5
DA:122,10
DA:140,2
DA:141,0
DA:142,0
DA:143,0
DA:145,0
DA:148,2
DA:149,0
DA:150,0
DA:152,0
DA:153,0
DA:154,0
DA:158,0
DA:159,0
DA:175,0
DA:179,0
LF:80
LH:30
BRDA:26,0,0,0
BRDA:26,0,1,0
BRDA:38,1,0,0
BRDA:38,1,1,0
BRDA:41,2,0,0
BRDA:41,2,1,0
BRDA:57,3,0,0
BRDA:57,3,1,0
BRDA:60,4,0,0
BRDA:60,4,1,0
BRDA:81,5,0,5
BRDA:81,5,1,0
BRDA:81,6,0,5
BRDA:81,6,1,0
BRDA:87,7,0,0
BRDA:87,7,1,0
BRDA:100,8,0,0
BRDA:100,8,1,0
BRDA:100,9,0,0
BRDA:100,9,1,0
BRDA:101,10,0,0
BRDA:101,10,1,0
BRDA:142,11,0,0
BRDA:142,11,1,0
BRDA:153,12,0,0
BRDA:153,12,1,0
BRDA:153,13,0,0
BRDA:153,13,1,0
BRDA:158,14,0,0
BRDA:158,14,1,0
BRDA:175,15,0,0
BRDA:175,15,1,0
BRF:32
BRH:2
end_of_record
TN:
SF:src/MarkdownRenderer.js
FN:7,(anonymous_0)
FN:13,(anonymous_1)
FN:30,(anonymous_2)
FNF:3
FNH:1
FNDA:12,(anonymous_0)
FNDA:0,(anonymous_1)
FNDA:0,(anonymous_2)
DA:7,4
DA:8,12
DA:14,0
DA:15,0
DA:31,0
LF:5
LH:2
BRDA:14,0,0,0
BRDA:14,0,1,0
BRDA:15,1,0,0
BRDA:15,1,1,0
BRDA:15,2,0,0
BRDA:15,2,1,0
BRF:6
BRH:0
end_of_record
TN:
SF:src/RequestService.js
FN:5,(anonymous_0)
FN:15,(anonymous_1)
FN:25,(anonymous_2)
FN:41,(anonymous_3)
FN:63,(anonymous_4)
FN:90,(anonymous_5)
FN:106,(anonymous_6)
FN:129,(anonymous_7)
FN:158,(anonymous_8)
FN:175,(anonymous_9)
FN:191,(anonymous_10)
FNF:11
FNH:0
FNDA:0,(anonymous_0)
FNDA:0,(anonymous_1)
FNDA:0,(anonymous_2)
FNDA:0,(anonymous_3)
FNDA:0,(anonymous_4)
FNDA:0,(anonymous_5)
FNDA:0,(anonymous_6)
FNDA:0,(anonymous_7)
FNDA:0,(anonymous_8)
FNDA:0,(anonymous_9)
FNDA:0,(anonymous_10)
DA:3,1
DA:5,1
DA:6,0
DA:7,0
DA:8,0
DA:10,0
DA:11,0
DA:15,1
DA:16,0
DA:17,0
DA:18,0
DA:20,0
DA:21,0
DA:25,1
DA:26,0
DA:27,0
DA:28,0
DA:34,0
DA:36,0
DA:37,0
DA:41,1
DA:42,0
DA:43,0
DA:45,0
DA:50,0
DA:56,0
DA:58,0
DA:59,0
DA:63,1
DA:64,0
DA:65,0
DA:67,0
DA:68,0
DA:69,0
DA:70,0
DA:71,0
DA:73,0
DA:77,0
DA:83,0
DA:85,0
DA:86,0
DA:90,1
DA:91,0
DA:92,0
DA:93,0
DA:99,0
DA:101,0
DA:102,0
DA:106,1
DA:107,0
DA:108,0
DA:110,0
DA:115,0
DA:121,0
DA:123,0
DA:124,0
DA:129,1
DA:130,0
DA:131,0
DA:132,0
DA:136,0
DA:150,0
DA:152,0
DA:153,0
DA:158,1
DA:159,0
DA:160,0
DA:161,0
DA:167,0
DA:168,0
DA:170,0
DA:171,0
DA:175,1
DA:176,0
DA:177,0
DA:178,0
DA:184,0
DA:186,0
DA:187,0
DA:191,1
DA:192,0
DA:193,0
DA:196,0
DA:204,0
DA:205,0
DA:207,0
DA:208,0
LF:87
LH:12
BRDA:10,0,0,0
BRDA:10,0,1,0
BRDA:11,1,0,0
BRDA:11,1,1,0
BRDA:20,2,0,0
BRDA:20,2,1,0
BRDA:21,3,0,0
BRDA:21,3,1,0
BRDA:36,4,0,0
BRDA:36,4,1,0
BRDA:37,5,0,0
BRDA:37,5,1,0
BRDA:58,6,0,0
BRDA:58,6,1,0
BRDA:59,7,0,0
BRDA:59,7,1,0
BRDA:85,8,0,0
BRDA:85,8,1,0
BRDA:86,9,0,0
BRDA:86,9,1,0
BRDA:101,10,0,0
BRDA:101,10,1,0
BRDA:102,11,0,0
BRDA:102,11,1,0
BRDA:123,12,0,0
BRDA:123,12,1,0
BRDA:124,13,0,0
BRDA:124,13,1,0
BRDA:152,14,0,0
BRDA:152,14,1,0
BRDA:153,15,0,0
BRDA:153,15,1,0
BRDA:170,16,0,0
BRDA:170,16,1,0
BRDA:171,17,0,0
BRDA:171,17,1,0
BRDA:186,18,0,0
BRDA:186,18,1,0
BRDA:187,19,0,0
BRDA:187,19,1,0
BRDA:207,20,0,0
BRDA:207,20,1,0
BRDA:208,21,0,0
BRDA:208,21,1,0
BRF:44
BRH:0
end_of_record
TN:
SF:src/SelectedSummary.js
FN:13,(anonymous_0)
FN:18,(anonymous_1)
FN:22,(anonymous_2)
FN:41,(anonymous_3)
FN:130,(anonymous_4)
FNF:5
FNH:2
FNDA:6,(anonymous_0)
FNDA:1,(anonymous_1)
FNDA:0,(anonymous_2)
FNDA:0,(anonymous_3)
FNDA:0,(anonymous_4)
DA:13,3
DA:14,6
DA:15,6
DA:16,6
DA:18,6
DA:19,1
DA:22,6
DA:23,0
DA:24,0
DA:25,0
DA:30,0
DA:31,0
DA:32,0
DA:33,0
DA:35,0
DA:37,0
DA:41,6
DA:42,0
DA:44,0
DA:45,0
DA:46,0
DA:47,0
DA:48,0
DA:49,0
DA:52,0
DA:53,0
DA:55,0
DA:59,6
DA:60,1
DA:73,5
DA:130,0
LF:31
LH:11
BRDA:47,0,0,0
BRDA:47,0,1,0
BRDA:59,1,0,1
BRDA:59,1,1,5
BRDA:76,2,0,5
BRDA:76,2,1,0
BRDA:79,3,0,5
BRDA:79,3,1,3
BRDA:87,4,0,0
BRDA:87,4,1,5
BRDA:101,5,0,0
BRDA:101,5,1,0
BRDA:109,6,0,5
BRDA:109,6,1,5
BRDA:116,7,0,5
BRDA:116,7,1,3
BRDA:120,8,0,5
BRDA:120,8,1,1
BRDA:143,9,0,4
BRDA:143,9,1,1
BRDA:152,10,0,1
BRDA:152,10,1,1
BRDA:154,11,0,0
BRDA:154,11,1,1
BRF:24
BRH:17
end_of_record
TN:
SF:src/SummariesList.js
FN:33,(anonymous_0)
FN:42,(anonymous_1)
FN:60,(anonymous_2)
FN:80,(anonymous_3)
FN:102,(anonymous_4)
FN:112,(anonymous_5)
FN:116,(anonymous_6)
FN:116,(anonymous_7)
FN:124,(anonymous_8)
FN:128,(anonymous_9)
FN:151,(anonymous_10)
FN:161,(anonymous_11)
FN:165,(anonymous_12)
FN:170,(anonymous_13)
FN:177,(anonymous_14)
FN:182,(anonymous_15)
FN:189,(anonymous_16)
FN:196,(anonymous_17)
FN:200,(anonymous_18)
FN:238,(anonymous_19)
FN:260,(anonymous_20)
FN:306,(anonymous_21)
FN:314,(anonymous_22)
FN:317,(anonymous_23)
FN:372,(anonymous_24)
FN:380,(anonymous_25)
FN:400,(anonymous_26)
FN:419,(anonymous_27)
FN:427,(anonymous_28)
FN:433,(anonymous_29)
FN:476,(anonymous_30)
FNF:31
FNH:9
FNDA:10,(anonymous_0)
FNDA:11,(anonymous_1)
FNDA:5,(anonymous_2)
FNDA:0,(anonymous_3)
FNDA:5,(anonymous_4)
FNDA:0,(anonymous_5)
FNDA:0,(anonymous_6)
FNDA:0,(anonymous_7)
FNDA:0,(anonymous_8)
FNDA:0,(anonymous_9)
FNDA:0,(anonymous_10)
FNDA:0,(anonymous_11)
FNDA:0,(anonymous_12)
FNDA:0,(anonymous_13)
FNDA:2,(anonymous_14)
FNDA:10,(anonymous_15)
FNDA:0,(anonymous_16)
FNDA:0,(anonymous_17)
FNDA:10,(anonymous_18)
FNDA:0,(anonymous_19)
FNDA:0,(anonymous_20)
FNDA:0,(anonymous_21)
FNDA:10,(anonymous_22)
FNDA:0,(anonymous_23)
FNDA:0,(anonymous_24)
FNDA:2,(anonymous_25)
FNDA:0,(anonymous_26)
FNDA:0,(anonymous_27)
FNDA:0,(anonymous_28)
FNDA:0,(anonymous_29)
FNDA:0,(anonymous_30)
DA:33,10
DA:42,2
DA:43,11
DA:44,11
DA:45,11
DA:46,11
DA:47,11
DA:48,11
DA:49,11
DA:50,11
DA:51,11
DA:52,11
DA:53,11
DA:54,11
DA:55,11
DA:56,11
DA:57,11
DA:58,11
DA:60,11
DA:61,5
DA:62,5
DA:63,5
DA:64,4
DA:65,0
DA:67,4
DA:68,4
DA:69,0
DA:71,4
DA:73,1
DA:74,1
DA:76,5
DA:80,11
DA:81,0
DA:82,0
DA:83,0
DA:84,0
DA:85,0
DA:86,0
DA:88,0
DA:89,0
DA:90,0
DA:91,0
DA:93,0
DA:95,0
DA:96,0
DA:98,0
DA:102,11
DA:103,5
DA:104,5
DA:105,5
DA:107,0
DA:112,11
DA:113,0
DA:114,0
DA:115,0
DA:116,0
DA:118,0
DA:119,0
DA:121,0
DA:124,11
DA:125,0
DA:128,11
DA:129,0
DA:130,0
DA:131,0
DA:134,0
DA:135,0
DA:136,0
DA:137,0
DA:138,0
DA:139,0
DA:141,0
DA:142,0
DA:143,0
DA:145,0
DA:147,0
DA:151,11
DA:152,0
DA:154,0
DA:155,0
DA:157,0
DA:161,11
DA:162,0
DA:165,11
DA:166,0
DA:167,0
DA:170,11
DA:171,0
DA:172,0
DA:173,0
DA:174,0
DA:177,11
DA:178,2
DA:179,2
DA:182,11
DA:183,10
DA:184,10
DA:186,10
DA:189,11
DA:190,0
DA:191,0
DA:193,0
DA:196,11
DA:197,0
DA:200,11
DA:201,10
DA:203,5
DA:205,5
DA:207,0
DA:209,0
DA:213,11
DA:214,5
DA:228,6
DA:229,0
DA:232,6
DA:234,0
DA:238,0
DA:243,6
DA:244,1
DA:248,5
DA:260,0
DA:307,0
DA:308,0
DA:309,0
DA:315,10
DA:317,0
DA:372,0
DA:381,2
DA:382,2
DA:401,0
DA:402,0
DA:419,0
DA:427,0
DA:434,0
DA:435,0
DA:476,0
LF:136
LH:64
BRDA:64,0,0,0
BRDA:64,0,1,4
BRDA:68,1,0,0
BRDA:68,1,1,4
BRDA:85,2,0,0
BRDA:85,2,1,0
BRDA:90,3,0,0
BRDA:90,3,1,0
BRDA:103,4,0,5
BRDA:103,4,1,0
BRDA:104,5,0,5
BRDA:104,5,1,0
BRDA:129,6,0,0
BRDA:129,6,1,0
BRDA:183,7,0,10
BRDA:183,7,1,0
BRDA:184,8,0,10
BRDA:184,8,1,0
BRDA:186,9,0,10
BRDA:186,9,1,10
BRDA:190,10,0,0
BRDA:190,10,1,0
BRDA:191,11,0,0
BRDA:191,11,1,0
BRDA:193,12,0,0
BRDA:193,12,1,0
BRDA:201,13,0,5
BRDA:201,13,1,5
BRDA:201,13,2,0
BRDA:201,13,3,0
BRDA:213,14,0,5
BRDA:213,14,1,6
BRDA:228,15,0,0
BRDA:228,15,1,6
BRDA:232,16,0,0
BRDA:232,16,1,6
BRDA:243,17,0,1
BRDA:243,17,1,5
BRDA:251,18,0,5
BRDA:251,18,1,0
BRDA:308,19,0,0
BRDA:308,19,1,0
BRDA:314,20,0,5
BRDA:314,20,1,0
BRDA:334,21,0,10
BRDA:334,21,1,0
BRDA:339,22,0,10
BRDA:339,22,1,0
BRDA:358,23,0,10
BRDA:358,23,1,10
BRDA:362,24,0,10
BRDA:362,24,1,0
BRDA:368,25,0,10
BRDA:368,25,1,0
BRDA:368,25,2,0
BRDA:375,26,0,10
BRDA:375,26,1,10
BRDA:445,27,0,5
BRDA:445,27,1,0
BRDA:447,28,0,0
BRDA:447,28,1,0
BRDA:453,29,0,0
BRDA:453,29,1,0
BRDA:464,30,0,5
BRDA:464,30,1,0
BRDA:469,31,0,0
BRDA:469,31,1,0
BRDA:480,32,0,0
BRDA:480,32,1,0
BRDA:491,33,0,0
BRDA:491,33,1,0
BRF:71
BRH:28
end_of_record
TN:
SF:src/index.js
FNF:0
FNH:0
DA:7,1
DA:8,1
DA:17,1
LF:3
LH:3
BRF:0
BRH:0
end_of_record
TN:
SF:src/reportWebVitals.js
FN:1,(anonymous_0)
FN:3,(anonymous_1)
FNF:2
FNH:0
FNDA:0,(anonymous_0)
FNDA:0,(anonymous_1)
DA:1,0
DA:2,0
DA:3,0
DA:4,0
DA:5,0
DA:6,0
DA:7,0
DA:8,0
LF:8
LH:0
BRDA:2,0,0,0
BRDA:2,0,1,0
BRDA:2,1,0,0
BRDA:2,1,1,0
BRF:4
BRH:0
end_of_record
